[9120:18848:0416/163924.751:INFO:CONSOLE(1)] "SharedArrayBuffer will require cross-origin isolation as of M91, around May 2021. See https://developer.chrome.com/blog/enabling-shared-array-buffer/ for more details.", source: https://open.scdn.co/cdn/build/web-player/vendor~web-player.2c572476.js (1)
[9120:18848:0416/163926.064:ERROR:device_event_log_impl.cc(214)] [16:39:26.064] USB: usb_device_handle_win.cc:1054 Failed to read descriptor from node connection: Присоединенное к системе устройство не работает. (0x1F)
[9120:18848:0416/163926.065:ERROR:device_event_log_impl.cc(214)] [16:39:26.065] USB: usb_device_handle_win.cc:1054 Failed to read descriptor from node connection: Присоединенное к системе устройство не работает. (0x1F)
[9120:18848:0416/163927.318:INFO:CONSOLE(1)] "Uncaught (in promise) TypeError: this.send is not a function", source: https://open.scdn.co/cdn/build/web-player/web-player.a522d796.js (1)
[9120:18848:0416/163927.318:INFO:CONSOLE(1)] "Uncaught (in promise) TypeError: this.send is not a function", source: https://open.scdn.co/cdn/build/web-player/web-player.a522d796.js (1)
[9120:18848:0416/163931.781:INFO:CONSOLE(1)] "Uncaught (in promise) TypeError: this.send is not a function", source: https://open.scdn.co/cdn/build/web-player/web-player.a522d796.js (1)
[9120:18848:0416/163943.277:INFO:CONSOLE(1)] "Uncaught (in promise) TypeError: this.send is not a function", source: https://open.scdn.co/cdn/build/web-player/web-player.a522d796.js (1)
[9120:18848:0416/163951.284:INFO:CONSOLE(1)] "Uncaught (in promise) TypeError: this.send is not a function", source: https://open.scdn.co/cdn/build/web-player/web-player.a522d796.js (1)
[9120:18848:0416/163953.283:INFO:CONSOLE(1)] "Uncaught (in promise) TypeError: this.send is not a function", source: https://open.scdn.co/cdn/build/web-player/web-player.a522d796.js (1)
[9120:18848:0416/164034.192:INFO:CONSOLE(1)] "SharedArrayBuffer will require cross-origin isolation as of M91, around May 2021. See https://developer.chrome.com/blog/enabling-shared-array-buffer/ for more details.", source: https://open.scdn.co/cdn/build/web-player/vendor~web-player.2c572476.js (1)
[9120:18848:0416/164035.583:INFO:CONSOLE(1)] "Uncaught (in promise) TypeError: this.send is not a function", source: https://open.scdn.co/cdn/build/web-player/web-player.a522d796.js (1)
[9120:18848:0416/164035.584:INFO:CONSOLE(1)] "Uncaught (in promise) TypeError: this.send is not a function", source: https://open.scdn.co/cdn/build/web-player/web-player.a522d796.js (1)
[9120:18848:0416/164040.340:INFO:CONSOLE(1)] "Uncaught (in promise) TypeError: this.send is not a function", source: https://open.scdn.co/cdn/build/web-player/web-player.a522d796.js (1)
[9120:18848:0416/164116.835:INFO:CONSOLE(1)] "Uncaught (in promise) TypeError: this.send is not a function", source: https://open.scdn.co/cdn/build/web-player/web-player.a522d796.js (1)
[9120:18848:0416/164142.653:INFO:CONSOLE(1)] "SharedArrayBuffer will require cross-origin isolation as of M91, around May 2021. See https://developer.chrome.com/blog/enabling-shared-array-buffer/ for more details.", source: https://open.scdn.co/cdn/build/web-player/vendor~web-player.2c572476.js (1)
[9120:18848:0416/164144.520:INFO:CONSOLE(1)] "Uncaught (in promise) TypeError: this.send is not a function", source: https://open.scdn.co/cdn/build/web-player/web-player.a522d796.js (1)
[9120:18848:0416/164144.521:INFO:CONSOLE(1)] "Uncaught (in promise) TypeError: this.send is not a function", source: https://open.scdn.co/cdn/build/web-player/web-player.a522d796.js (1)
[9120:18848:0416/164146.444:INFO:CONSOLE(1)] "Uncaught (in promise) DUPLICATE_REQUEST_ERROR: DUPLICATE_REQUEST_ERROR: Already sent this request (GET::https://api.spotify.com/v1/me/tracks/contains::{"ids":"3UEnF6y5tyHVtMzldS3svp,0C9g70hdhr7W3HCs3ITUYz,46mVyGyrRLWHjKEU4W023C,5fxTqRkibJsbCD1FSz8U8X,5EjozPMy3zGQ5wsX3jxax3"})", source: https://open.scdn.co/cdn/build/web-player/web-player.a522d796.js (1)
[9120:18848:0416/164149.591:INFO:CONSOLE(1)] "Uncaught (in promise) TypeError: this.send is not a function", source: https://open.scdn.co/cdn/build/web-player/web-player.a522d796.js (1)
[9120:18848:0416/164242.075:INFO:CONSOLE(1)] "Uncaught (in promise) TypeError: this.send is not a function", source: https://open.scdn.co/cdn/build/web-player/web-player.a522d796.js (1)
[11184:14488:0416/164320.912:ERROR:cache_util_win.cc(20)] Unable to move the cache: Отказано в доступе. (0x5)
[11184:14488:0416/164320.924:ERROR:cache_util.cc(144)] Unable to move cache folder C:\Users\legen\workspace\BS\BS\BotSpotify\bin\Debug\Temp\ChromeProfile\16\ShaderCache\GPUCache to C:\Users\legen\workspace\BS\BS\BotSpotify\bin\Debug\Temp\ChromeProfile\16\ShaderCache\old_GPUCache_000
[11184:14488:0416/164320.924:ERROR:disk_cache.cc(184)] Unable to create cache
[11184:14488:0416/164320.924:ERROR:shader_disk_cache.cc(606)] Shader Cache Creation failed: -2
[1004:22740:0416/164439.696:ERROR:cache_util_win.cc(20)] Unable to move the cache: Отказано в доступе. (0x5)
[1004:22740:0416/164439.702:ERROR:cache_util.cc(144)] Unable to move cache folder C:\Users\legen\workspace\BS\BS\BotSpotify\bin\Debug\Temp\ChromeProfile\16\ShaderCache\GPUCache to C:\Users\legen\workspace\BS\BS\BotSpotify\bin\Debug\Temp\ChromeProfile\16\ShaderCache\old_GPUCache_000
[1004:22740:0416/164439.789:ERROR:disk_cache.cc(184)] Unable to create cache
[1004:22740:0416/164439.880:ERROR:shader_disk_cache.cc(606)] Shader Cache Creation failed: -2
[9120:18848:0416/164836.115:INFO:CONSOLE(1)] "Uncaught (in promise) TypeError: this.send is not a function", source: https://open.scdn.co/cdn/build/web-player/web-player.a522d796.js (1)
[9120:18848:0416/164839.582:INFO:CONSOLE(1)] "Uncaught (in promise) TypeError: this.send is not a function", source: https://open.scdn.co/cdn/build/web-player/web-player.a522d796.js (1)
[9120:18848:0416/164844.087:INFO:CONSOLE(1)] "Uncaught (in promise) TypeError: this.send is not a function", source: https://open.scdn.co/cdn/build/web-player/web-player.a522d796.js (1)
[9120:18848:0416/164847.072:INFO:CONSOLE(1)] "Uncaught (in promise) TypeError: this.send is not a function", source: https://open.scdn.co/cdn/build/web-player/web-player.a522d796.js (1)
[9120:18848:0416/164850.081:INFO:CONSOLE(1)] "Uncaught (in promise) TypeError: this.send is not a function", source: https://open.scdn.co/cdn/build/web-player/web-player.a522d796.js (1)
[9120:18848:0416/164856.556:WARNING:pref_notifier_impl.cc(40)] Pref observer for media_router.cast_allow_all_ips found at shutdown.
