2021-04-17 15:53:38.7444 ERROR OpenQA.Selenium.InvalidCookieDomainException: invalid cookie domain
  (Session info: chrome=90.0.4430.72)
   в OpenQA.Selenium.Remote.RemoteWebDriver.UnpackAndThrowOnError(Response errorResponse)
   в OpenQA.Selenium.Remote.RemoteWebDriver.Execute(String driverCommandToExecute, Dictionary`2 parameters)
   в OpenQA.Selenium.Remote.RemoteCookieJar.AddCookie(Cookie cookie)
   в BotSpotify.Main.setCookies(IWebDriver driver, User user) в C:\Users\legen\workspace\BS\BS\BotSpotify\Main.cs:строка 697
2021-04-17 15:53:38.9028 ERROR OpenQA.Selenium.InvalidCookieDomainException: invalid cookie domain
  (Session info: chrome=90.0.4430.72)
   в OpenQA.Selenium.Remote.RemoteWebDriver.UnpackAndThrowOnError(Response errorResponse)
   в OpenQA.Selenium.Remote.RemoteWebDriver.Execute(String driverCommandToExecute, Dictionary`2 parameters)
   в OpenQA.Selenium.Remote.RemoteCookieJar.AddCookie(Cookie cookie)
   в BotSpotify.Main.setCookies(IWebDriver driver, User user) в C:\Users\legen\workspace\BS\BS\BotSpotify\Main.cs:строка 697
2021-04-17 15:53:38.9618 ERROR OpenQA.Selenium.InvalidCookieDomainException: invalid cookie domain
  (Session info: chrome=90.0.4430.72)
   в OpenQA.Selenium.Remote.RemoteWebDriver.UnpackAndThrowOnError(Response errorResponse)
   в OpenQA.Selenium.Remote.RemoteWebDriver.Execute(String driverCommandToExecute, Dictionary`2 parameters)
   в OpenQA.Selenium.Remote.RemoteCookieJar.AddCookie(Cookie cookie)
   в BotSpotify.Main.setCookies(IWebDriver driver, User user) в C:\Users\legen\workspace\BS\BS\BotSpotify\Main.cs:строка 697
2021-04-17 15:53:39.0084 ERROR OpenQA.Selenium.InvalidCookieDomainException: invalid cookie domain
  (Session info: chrome=90.0.4430.72)
   в OpenQA.Selenium.Remote.RemoteWebDriver.UnpackAndThrowOnError(Response errorResponse)
   в OpenQA.Selenium.Remote.RemoteWebDriver.Execute(String driverCommandToExecute, Dictionary`2 parameters)
   в OpenQA.Selenium.Remote.RemoteCookieJar.AddCookie(Cookie cookie)
   в BotSpotify.Main.setCookies(IWebDriver driver, User user) в C:\Users\legen\workspace\BS\BS\BotSpotify\Main.cs:строка 697
2021-04-17 15:53:39.0504 ERROR OpenQA.Selenium.InvalidCookieDomainException: invalid cookie domain
  (Session info: chrome=90.0.4430.72)
   в OpenQA.Selenium.Remote.RemoteWebDriver.UnpackAndThrowOnError(Response errorResponse)
   в OpenQA.Selenium.Remote.RemoteWebDriver.Execute(String driverCommandToExecute, Dictionary`2 parameters)
   в OpenQA.Selenium.Remote.RemoteCookieJar.AddCookie(Cookie cookie)
   в BotSpotify.Main.setCookies(IWebDriver driver, User user) в C:\Users\legen\workspace\BS\BS\BotSpotify\Main.cs:строка 697
2021-04-17 15:53:39.0907 ERROR OpenQA.Selenium.InvalidCookieDomainException: invalid cookie domain
  (Session info: chrome=90.0.4430.72)
   в OpenQA.Selenium.Remote.RemoteWebDriver.UnpackAndThrowOnError(Response errorResponse)
   в OpenQA.Selenium.Remote.RemoteWebDriver.Execute(String driverCommandToExecute, Dictionary`2 parameters)
   в OpenQA.Selenium.Remote.RemoteCookieJar.AddCookie(Cookie cookie)
   в BotSpotify.Main.setCookies(IWebDriver driver, User user) в C:\Users\legen\workspace\BS\BS\BotSpotify\Main.cs:строка 697
2021-04-17 15:53:39.1347 ERROR OpenQA.Selenium.InvalidCookieDomainException: invalid cookie domain
  (Session info: chrome=90.0.4430.72)
   в OpenQA.Selenium.Remote.RemoteWebDriver.UnpackAndThrowOnError(Response errorResponse)
   в OpenQA.Selenium.Remote.RemoteWebDriver.Execute(String driverCommandToExecute, Dictionary`2 parameters)
   в OpenQA.Selenium.Remote.RemoteCookieJar.AddCookie(Cookie cookie)
   в BotSpotify.Main.setCookies(IWebDriver driver, User user) в C:\Users\legen\workspace\BS\BS\BotSpotify\Main.cs:строка 697
2021-04-17 15:53:39.1921 ERROR OpenQA.Selenium.InvalidCookieDomainException: invalid cookie domain
  (Session info: chrome=90.0.4430.72)
   в OpenQA.Selenium.Remote.RemoteWebDriver.UnpackAndThrowOnError(Response errorResponse)
   в OpenQA.Selenium.Remote.RemoteWebDriver.Execute(String driverCommandToExecute, Dictionary`2 parameters)
   в OpenQA.Selenium.Remote.RemoteCookieJar.AddCookie(Cookie cookie)
   в BotSpotify.Main.setCookies(IWebDriver driver, User user) в C:\Users\legen\workspace\BS\BS\BotSpotify\Main.cs:строка 697
2021-04-17 15:53:39.2360 ERROR OpenQA.Selenium.InvalidCookieDomainException: invalid cookie domain
  (Session info: chrome=90.0.4430.72)
   в OpenQA.Selenium.Remote.RemoteWebDriver.UnpackAndThrowOnError(Response errorResponse)
   в OpenQA.Selenium.Remote.RemoteWebDriver.Execute(String driverCommandToExecute, Dictionary`2 parameters)
   в OpenQA.Selenium.Remote.RemoteCookieJar.AddCookie(Cookie cookie)
   в BotSpotify.Main.setCookies(IWebDriver driver, User user) в C:\Users\legen\workspace\BS\BS\BotSpotify\Main.cs:строка 697
2021-04-17 15:53:39.2774 ERROR OpenQA.Selenium.InvalidCookieDomainException: invalid cookie domain
  (Session info: chrome=90.0.4430.72)
   в OpenQA.Selenium.Remote.RemoteWebDriver.UnpackAndThrowOnError(Response errorResponse)
   в OpenQA.Selenium.Remote.RemoteWebDriver.Execute(String driverCommandToExecute, Dictionary`2 parameters)
   в OpenQA.Selenium.Remote.RemoteCookieJar.AddCookie(Cookie cookie)
   в BotSpotify.Main.setCookies(IWebDriver driver, User user) в C:\Users\legen\workspace\BS\BS\BotSpotify\Main.cs:строка 697
2021-04-17 15:53:39.3174 ERROR OpenQA.Selenium.InvalidCookieDomainException: invalid cookie domain
  (Session info: chrome=90.0.4430.72)
   в OpenQA.Selenium.Remote.RemoteWebDriver.UnpackAndThrowOnError(Response errorResponse)
   в OpenQA.Selenium.Remote.RemoteWebDriver.Execute(String driverCommandToExecute, Dictionary`2 parameters)
   в OpenQA.Selenium.Remote.RemoteCookieJar.AddCookie(Cookie cookie)
   в BotSpotify.Main.setCookies(IWebDriver driver, User user) в C:\Users\legen\workspace\BS\BS\BotSpotify\Main.cs:строка 697
2021-04-17 15:53:39.3633 ERROR OpenQA.Selenium.InvalidCookieDomainException: invalid cookie domain
  (Session info: chrome=90.0.4430.72)
   в OpenQA.Selenium.Remote.RemoteWebDriver.UnpackAndThrowOnError(Response errorResponse)
   в OpenQA.Selenium.Remote.RemoteWebDriver.Execute(String driverCommandToExecute, Dictionary`2 parameters)
   в OpenQA.Selenium.Remote.RemoteCookieJar.AddCookie(Cookie cookie)
   в BotSpotify.Main.setCookies(IWebDriver driver, User user) в C:\Users\legen\workspace\BS\BS\BotSpotify\Main.cs:строка 697
2021-04-17 15:53:39.4113 ERROR OpenQA.Selenium.InvalidCookieDomainException: invalid cookie domain
  (Session info: chrome=90.0.4430.72)
   в OpenQA.Selenium.Remote.RemoteWebDriver.UnpackAndThrowOnError(Response errorResponse)
   в OpenQA.Selenium.Remote.RemoteWebDriver.Execute(String driverCommandToExecute, Dictionary`2 parameters)
   в OpenQA.Selenium.Remote.RemoteCookieJar.AddCookie(Cookie cookie)
   в BotSpotify.Main.setCookies(IWebDriver driver, User user) в C:\Users\legen\workspace\BS\BS\BotSpotify\Main.cs:строка 697
2021-04-17 15:53:39.4523 ERROR OpenQA.Selenium.InvalidCookieDomainException: invalid cookie domain
  (Session info: chrome=90.0.4430.72)
   в OpenQA.Selenium.Remote.RemoteWebDriver.UnpackAndThrowOnError(Response errorResponse)
   в OpenQA.Selenium.Remote.RemoteWebDriver.Execute(String driverCommandToExecute, Dictionary`2 parameters)
   в OpenQA.Selenium.Remote.RemoteCookieJar.AddCookie(Cookie cookie)
   в BotSpotify.Main.setCookies(IWebDriver driver, User user) в C:\Users\legen\workspace\BS\BS\BotSpotify\Main.cs:строка 697
2021-04-17 15:53:39.4927 ERROR OpenQA.Selenium.InvalidCookieDomainException: invalid cookie domain
  (Session info: chrome=90.0.4430.72)
   в OpenQA.Selenium.Remote.RemoteWebDriver.UnpackAndThrowOnError(Response errorResponse)
   в OpenQA.Selenium.Remote.RemoteWebDriver.Execute(String driverCommandToExecute, Dictionary`2 parameters)
   в OpenQA.Selenium.Remote.RemoteCookieJar.AddCookie(Cookie cookie)
   в BotSpotify.Main.setCookies(IWebDriver driver, User user) в C:\Users\legen\workspace\BS\BS\BotSpotify\Main.cs:строка 697
2021-04-17 15:53:39.5526 ERROR OpenQA.Selenium.InvalidCookieDomainException: invalid cookie domain
  (Session info: chrome=90.0.4430.72)
   в OpenQA.Selenium.Remote.RemoteWebDriver.UnpackAndThrowOnError(Response errorResponse)
   в OpenQA.Selenium.Remote.RemoteWebDriver.Execute(String driverCommandToExecute, Dictionary`2 parameters)
   в OpenQA.Selenium.Remote.RemoteCookieJar.AddCookie(Cookie cookie)
   в BotSpotify.Main.setCookies(IWebDriver driver, User user) в C:\Users\legen\workspace\BS\BS\BotSpotify\Main.cs:строка 697
2021-04-17 15:53:39.6401 ERROR OpenQA.Selenium.InvalidCookieDomainException: invalid cookie domain
  (Session info: chrome=90.0.4430.72)
   в OpenQA.Selenium.Remote.RemoteWebDriver.UnpackAndThrowOnError(Response errorResponse)
   в OpenQA.Selenium.Remote.RemoteWebDriver.Execute(String driverCommandToExecute, Dictionary`2 parameters)
   в OpenQA.Selenium.Remote.RemoteCookieJar.AddCookie(Cookie cookie)
   в BotSpotify.Main.setCookies(IWebDriver driver, User user) в C:\Users\legen\workspace\BS\BS\BotSpotify\Main.cs:строка 697
2021-04-17 15:53:39.7100 ERROR OpenQA.Selenium.InvalidCookieDomainException: invalid cookie domain
  (Session info: chrome=90.0.4430.72)
   в OpenQA.Selenium.Remote.RemoteWebDriver.UnpackAndThrowOnError(Response errorResponse)
   в OpenQA.Selenium.Remote.RemoteWebDriver.Execute(String driverCommandToExecute, Dictionary`2 parameters)
   в OpenQA.Selenium.Remote.RemoteCookieJar.AddCookie(Cookie cookie)
   в BotSpotify.Main.setCookies(IWebDriver driver, User user) в C:\Users\legen\workspace\BS\BS\BotSpotify\Main.cs:строка 697
2021-04-17 15:53:39.7750 ERROR OpenQA.Selenium.InvalidCookieDomainException: invalid cookie domain
  (Session info: chrome=90.0.4430.72)
   в OpenQA.Selenium.Remote.RemoteWebDriver.UnpackAndThrowOnError(Response errorResponse)
   в OpenQA.Selenium.Remote.RemoteWebDriver.Execute(String driverCommandToExecute, Dictionary`2 parameters)
   в OpenQA.Selenium.Remote.RemoteCookieJar.AddCookie(Cookie cookie)
   в BotSpotify.Main.setCookies(IWebDriver driver, User user) в C:\Users\legen\workspace\BS\BS\BotSpotify\Main.cs:строка 697
2021-04-17 15:53:39.8350 ERROR OpenQA.Selenium.InvalidCookieDomainException: invalid cookie domain
  (Session info: chrome=90.0.4430.72)
   в OpenQA.Selenium.Remote.RemoteWebDriver.UnpackAndThrowOnError(Response errorResponse)
   в OpenQA.Selenium.Remote.RemoteWebDriver.Execute(String driverCommandToExecute, Dictionary`2 parameters)
   в OpenQA.Selenium.Remote.RemoteCookieJar.AddCookie(Cookie cookie)
   в BotSpotify.Main.setCookies(IWebDriver driver, User user) в C:\Users\legen\workspace\BS\BS\BotSpotify\Main.cs:строка 697
2021-04-17 15:53:39.8939 ERROR OpenQA.Selenium.InvalidCookieDomainException: invalid cookie domain
  (Session info: chrome=90.0.4430.72)
   в OpenQA.Selenium.Remote.RemoteWebDriver.UnpackAndThrowOnError(Response errorResponse)
   в OpenQA.Selenium.Remote.RemoteWebDriver.Execute(String driverCommandToExecute, Dictionary`2 parameters)
   в OpenQA.Selenium.Remote.RemoteCookieJar.AddCookie(Cookie cookie)
   в BotSpotify.Main.setCookies(IWebDriver driver, User user) в C:\Users\legen\workspace\BS\BS\BotSpotify\Main.cs:строка 697
2021-04-17 15:53:39.9519 ERROR OpenQA.Selenium.InvalidCookieDomainException: invalid cookie domain
  (Session info: chrome=90.0.4430.72)
   в OpenQA.Selenium.Remote.RemoteWebDriver.UnpackAndThrowOnError(Response errorResponse)
   в OpenQA.Selenium.Remote.RemoteWebDriver.Execute(String driverCommandToExecute, Dictionary`2 parameters)
   в OpenQA.Selenium.Remote.RemoteCookieJar.AddCookie(Cookie cookie)
   в BotSpotify.Main.setCookies(IWebDriver driver, User user) в C:\Users\legen\workspace\BS\BS\BotSpotify\Main.cs:строка 697
2021-04-17 15:53:40.0319 ERROR OpenQA.Selenium.InvalidCookieDomainException: invalid cookie domain
  (Session info: chrome=90.0.4430.72)
   в OpenQA.Selenium.Remote.RemoteWebDriver.UnpackAndThrowOnError(Response errorResponse)
   в OpenQA.Selenium.Remote.RemoteWebDriver.Execute(String driverCommandToExecute, Dictionary`2 parameters)
   в OpenQA.Selenium.Remote.RemoteCookieJar.AddCookie(Cookie cookie)
   в BotSpotify.Main.setCookies(IWebDriver driver, User user) в C:\Users\legen\workspace\BS\BS\BotSpotify\Main.cs:строка 697
2021-04-17 15:53:40.0958 ERROR OpenQA.Selenium.InvalidCookieDomainException: invalid cookie domain
  (Session info: chrome=90.0.4430.72)
   в OpenQA.Selenium.Remote.RemoteWebDriver.UnpackAndThrowOnError(Response errorResponse)
   в OpenQA.Selenium.Remote.RemoteWebDriver.Execute(String driverCommandToExecute, Dictionary`2 parameters)
   в OpenQA.Selenium.Remote.RemoteCookieJar.AddCookie(Cookie cookie)
   в BotSpotify.Main.setCookies(IWebDriver driver, User user) в C:\Users\legen\workspace\BS\BS\BotSpotify\Main.cs:строка 697
2021-04-17 15:53:40.1748 ERROR OpenQA.Selenium.InvalidCookieDomainException: invalid cookie domain
  (Session info: chrome=90.0.4430.72)
   в OpenQA.Selenium.Remote.RemoteWebDriver.UnpackAndThrowOnError(Response errorResponse)
   в OpenQA.Selenium.Remote.RemoteWebDriver.Execute(String driverCommandToExecute, Dictionary`2 parameters)
   в OpenQA.Selenium.Remote.RemoteCookieJar.AddCookie(Cookie cookie)
   в BotSpotify.Main.setCookies(IWebDriver driver, User user) в C:\Users\legen\workspace\BS\BS\BotSpotify\Main.cs:строка 697
2021-04-17 15:53:40.2297 ERROR OpenQA.Selenium.InvalidCookieDomainException: invalid cookie domain
  (Session info: chrome=90.0.4430.72)
   в OpenQA.Selenium.Remote.RemoteWebDriver.UnpackAndThrowOnError(Response errorResponse)
   в OpenQA.Selenium.Remote.RemoteWebDriver.Execute(String driverCommandToExecute, Dictionary`2 parameters)
   в OpenQA.Selenium.Remote.RemoteCookieJar.AddCookie(Cookie cookie)
   в BotSpotify.Main.setCookies(IWebDriver driver, User user) в C:\Users\legen\workspace\BS\BS\BotSpotify\Main.cs:строка 697
2021-04-17 15:53:40.2747 ERROR OpenQA.Selenium.InvalidCookieDomainException: invalid cookie domain
  (Session info: chrome=90.0.4430.72)
   в OpenQA.Selenium.Remote.RemoteWebDriver.UnpackAndThrowOnError(Response errorResponse)
   в OpenQA.Selenium.Remote.RemoteWebDriver.Execute(String driverCommandToExecute, Dictionary`2 parameters)
   в OpenQA.Selenium.Remote.RemoteCookieJar.AddCookie(Cookie cookie)
   в BotSpotify.Main.setCookies(IWebDriver driver, User user) в C:\Users\legen\workspace\BS\BS\BotSpotify\Main.cs:строка 697
2021-04-17 15:53:40.3247 ERROR OpenQA.Selenium.InvalidCookieDomainException: invalid cookie domain
  (Session info: chrome=90.0.4430.72)
   в OpenQA.Selenium.Remote.RemoteWebDriver.UnpackAndThrowOnError(Response errorResponse)
   в OpenQA.Selenium.Remote.RemoteWebDriver.Execute(String driverCommandToExecute, Dictionary`2 parameters)
   в OpenQA.Selenium.Remote.RemoteCookieJar.AddCookie(Cookie cookie)
   в BotSpotify.Main.setCookies(IWebDriver driver, User user) в C:\Users\legen\workspace\BS\BS\BotSpotify\Main.cs:строка 697
2021-04-17 15:54:40.4577 ERROR The HTTP request to the remote WebDriver server for URL http://localhost:63309/session/ebff8dcda1642005a8c7bfbb06e71dd3/url timed out after 60 seconds.
