2021-04-16 16:43:21.7880 ERROR OpenQA.Selenium.WebDriverException: invalid argument: user data directory is already in use, please specify a unique value for --user-data-dir argument, or don't use --user-data-dir
   в OpenQA.Selenium.Remote.RemoteWebDriver.UnpackAndThrowOnError(Response errorResponse)
   в OpenQA.Selenium.Remote.RemoteWebDriver.Execute(String driverCommandToExecute, Dictionary`2 parameters)
   в OpenQA.Selenium.Remote.RemoteWebDriver.StartSession(ICapabilities desiredCapabilities)
   в OpenQA.Selenium.Remote.RemoteWebDriver..ctor(ICommandExecutor commandExecutor, ICapabilities desiredCapabilities)
   в OpenQA.Selenium.Chrome.ChromeDriver..ctor(ChromeDriverService service, ChromeOptions options, TimeSpan commandTimeout)
   в CommonWrapper.WrapperSelenium.CreateDriverChrome(Boolean isHeadless, Boolean isCookies, String site_name, Boolean isIgnoreCertificateErrors, Boolean isDisableNotification, Boolean isMaximazed, Proxy proxy, SeleniumSocks socks, String userAgent, Nullable`1 timeOut, Boolean isDisableImages, Boolean isDisableCache, Boolean isKiosk, Boolean isSandBox) в E:\Bitbucket\CommonWrapper\CommonWrapper\WrapperSelenium.cs:строка 126
   в BotSpotify.Main.doWorkInside_Spotify(Int64 id) в C:\Users\legen\workspace\BS\BS\BotSpotify\Main.cs:строка 853
2021-04-16 16:44:04.4054 ERROR OpenQA.Selenium.InvalidCookieDomainException: invalid cookie domain
  (Session info: chrome=90.0.4430.72)
   в OpenQA.Selenium.Remote.RemoteWebDriver.UnpackAndThrowOnError(Response errorResponse)
   в OpenQA.Selenium.Remote.RemoteWebDriver.Execute(String driverCommandToExecute, Dictionary`2 parameters)
   в OpenQA.Selenium.Remote.RemoteCookieJar.AddCookie(Cookie cookie)
   в BotSpotify.Main.setCookies(IWebDriver driver, User user) в C:\Users\legen\workspace\BS\BS\BotSpotify\Main.cs:строка 692
2021-04-16 16:44:04.4824 ERROR OpenQA.Selenium.InvalidCookieDomainException: invalid cookie domain
  (Session info: chrome=90.0.4430.72)
   в OpenQA.Selenium.Remote.RemoteWebDriver.UnpackAndThrowOnError(Response errorResponse)
   в OpenQA.Selenium.Remote.RemoteWebDriver.Execute(String driverCommandToExecute, Dictionary`2 parameters)
   в OpenQA.Selenium.Remote.RemoteCookieJar.AddCookie(Cookie cookie)
   в BotSpotify.Main.setCookies(IWebDriver driver, User user) в C:\Users\legen\workspace\BS\BS\BotSpotify\Main.cs:строка 692
2021-04-16 16:44:04.5893 ERROR OpenQA.Selenium.InvalidCookieDomainException: invalid cookie domain
  (Session info: chrome=90.0.4430.72)
   в OpenQA.Selenium.Remote.RemoteWebDriver.UnpackAndThrowOnError(Response errorResponse)
   в OpenQA.Selenium.Remote.RemoteWebDriver.Execute(String driverCommandToExecute, Dictionary`2 parameters)
   в OpenQA.Selenium.Remote.RemoteCookieJar.AddCookie(Cookie cookie)
   в BotSpotify.Main.setCookies(IWebDriver driver, User user) в C:\Users\legen\workspace\BS\BS\BotSpotify\Main.cs:строка 692
2021-04-16 16:44:04.6303 ERROR OpenQA.Selenium.InvalidCookieDomainException: invalid cookie domain
  (Session info: chrome=90.0.4430.72)
   в OpenQA.Selenium.Remote.RemoteWebDriver.UnpackAndThrowOnError(Response errorResponse)
   в OpenQA.Selenium.Remote.RemoteWebDriver.Execute(String driverCommandToExecute, Dictionary`2 parameters)
   в OpenQA.Selenium.Remote.RemoteCookieJar.AddCookie(Cookie cookie)
   в BotSpotify.Main.setCookies(IWebDriver driver, User user) в C:\Users\legen\workspace\BS\BS\BotSpotify\Main.cs:строка 692
2021-04-16 16:44:04.6743 ERROR OpenQA.Selenium.InvalidCookieDomainException: invalid cookie domain
  (Session info: chrome=90.0.4430.72)
   в OpenQA.Selenium.Remote.RemoteWebDriver.UnpackAndThrowOnError(Response errorResponse)
   в OpenQA.Selenium.Remote.RemoteWebDriver.Execute(String driverCommandToExecute, Dictionary`2 parameters)
   в OpenQA.Selenium.Remote.RemoteCookieJar.AddCookie(Cookie cookie)
   в BotSpotify.Main.setCookies(IWebDriver driver, User user) в C:\Users\legen\workspace\BS\BS\BotSpotify\Main.cs:строка 692
2021-04-16 16:44:04.7219 ERROR OpenQA.Selenium.InvalidCookieDomainException: invalid cookie domain
  (Session info: chrome=90.0.4430.72)
   в OpenQA.Selenium.Remote.RemoteWebDriver.UnpackAndThrowOnError(Response errorResponse)
   в OpenQA.Selenium.Remote.RemoteWebDriver.Execute(String driverCommandToExecute, Dictionary`2 parameters)
   в OpenQA.Selenium.Remote.RemoteCookieJar.AddCookie(Cookie cookie)
   в BotSpotify.Main.setCookies(IWebDriver driver, User user) в C:\Users\legen\workspace\BS\BS\BotSpotify\Main.cs:строка 692
2021-04-16 16:44:04.7758 ERROR OpenQA.Selenium.InvalidCookieDomainException: invalid cookie domain
  (Session info: chrome=90.0.4430.72)
   в OpenQA.Selenium.Remote.RemoteWebDriver.UnpackAndThrowOnError(Response errorResponse)
   в OpenQA.Selenium.Remote.RemoteWebDriver.Execute(String driverCommandToExecute, Dictionary`2 parameters)
   в OpenQA.Selenium.Remote.RemoteCookieJar.AddCookie(Cookie cookie)
   в BotSpotify.Main.setCookies(IWebDriver driver, User user) в C:\Users\legen\workspace\BS\BS\BotSpotify\Main.cs:строка 692
2021-04-16 16:44:04.8288 ERROR OpenQA.Selenium.InvalidCookieDomainException: invalid cookie domain
  (Session info: chrome=90.0.4430.72)
   в OpenQA.Selenium.Remote.RemoteWebDriver.UnpackAndThrowOnError(Response errorResponse)
   в OpenQA.Selenium.Remote.RemoteWebDriver.Execute(String driverCommandToExecute, Dictionary`2 parameters)
   в OpenQA.Selenium.Remote.RemoteCookieJar.AddCookie(Cookie cookie)
   в BotSpotify.Main.setCookies(IWebDriver driver, User user) в C:\Users\legen\workspace\BS\BS\BotSpotify\Main.cs:строка 692
2021-04-16 16:44:04.9028 ERROR OpenQA.Selenium.InvalidCookieDomainException: invalid cookie domain
  (Session info: chrome=90.0.4430.72)
   в OpenQA.Selenium.Remote.RemoteWebDriver.UnpackAndThrowOnError(Response errorResponse)
   в OpenQA.Selenium.Remote.RemoteWebDriver.Execute(String driverCommandToExecute, Dictionary`2 parameters)
   в OpenQA.Selenium.Remote.RemoteCookieJar.AddCookie(Cookie cookie)
   в BotSpotify.Main.setCookies(IWebDriver driver, User user) в C:\Users\legen\workspace\BS\BS\BotSpotify\Main.cs:строка 692
2021-04-16 16:44:04.9647 ERROR OpenQA.Selenium.InvalidCookieDomainException: invalid cookie domain
  (Session info: chrome=90.0.4430.72)
   в OpenQA.Selenium.Remote.RemoteWebDriver.UnpackAndThrowOnError(Response errorResponse)
   в OpenQA.Selenium.Remote.RemoteWebDriver.Execute(String driverCommandToExecute, Dictionary`2 parameters)
   в OpenQA.Selenium.Remote.RemoteCookieJar.AddCookie(Cookie cookie)
   в BotSpotify.Main.setCookies(IWebDriver driver, User user) в C:\Users\legen\workspace\BS\BS\BotSpotify\Main.cs:строка 692
2021-04-16 16:44:05.0577 ERROR OpenQA.Selenium.InvalidCookieDomainException: invalid cookie domain
  (Session info: chrome=90.0.4430.72)
   в OpenQA.Selenium.Remote.RemoteWebDriver.UnpackAndThrowOnError(Response errorResponse)
   в OpenQA.Selenium.Remote.RemoteWebDriver.Execute(String driverCommandToExecute, Dictionary`2 parameters)
   в OpenQA.Selenium.Remote.RemoteCookieJar.AddCookie(Cookie cookie)
   в BotSpotify.Main.setCookies(IWebDriver driver, User user) в C:\Users\legen\workspace\BS\BS\BotSpotify\Main.cs:строка 692
2021-04-16 16:44:05.1556 ERROR OpenQA.Selenium.InvalidCookieDomainException: invalid cookie domain
  (Session info: chrome=90.0.4430.72)
   в OpenQA.Selenium.Remote.RemoteWebDriver.UnpackAndThrowOnError(Response errorResponse)
   в OpenQA.Selenium.Remote.RemoteWebDriver.Execute(String driverCommandToExecute, Dictionary`2 parameters)
   в OpenQA.Selenium.Remote.RemoteCookieJar.AddCookie(Cookie cookie)
   в BotSpotify.Main.setCookies(IWebDriver driver, User user) в C:\Users\legen\workspace\BS\BS\BotSpotify\Main.cs:строка 692
2021-04-16 16:44:05.2805 ERROR OpenQA.Selenium.InvalidCookieDomainException: invalid cookie domain
  (Session info: chrome=90.0.4430.72)
   в OpenQA.Selenium.Remote.RemoteWebDriver.UnpackAndThrowOnError(Response errorResponse)
   в OpenQA.Selenium.Remote.RemoteWebDriver.Execute(String driverCommandToExecute, Dictionary`2 parameters)
   в OpenQA.Selenium.Remote.RemoteCookieJar.AddCookie(Cookie cookie)
   в BotSpotify.Main.setCookies(IWebDriver driver, User user) в C:\Users\legen\workspace\BS\BS\BotSpotify\Main.cs:строка 692
2021-04-16 16:44:05.3355 ERROR OpenQA.Selenium.InvalidCookieDomainException: invalid cookie domain
  (Session info: chrome=90.0.4430.72)
   в OpenQA.Selenium.Remote.RemoteWebDriver.UnpackAndThrowOnError(Response errorResponse)
   в OpenQA.Selenium.Remote.RemoteWebDriver.Execute(String driverCommandToExecute, Dictionary`2 parameters)
   в OpenQA.Selenium.Remote.RemoteCookieJar.AddCookie(Cookie cookie)
   в BotSpotify.Main.setCookies(IWebDriver driver, User user) в C:\Users\legen\workspace\BS\BS\BotSpotify\Main.cs:строка 692
2021-04-16 16:44:05.3945 ERROR OpenQA.Selenium.InvalidCookieDomainException: invalid cookie domain
  (Session info: chrome=90.0.4430.72)
   в OpenQA.Selenium.Remote.RemoteWebDriver.UnpackAndThrowOnError(Response errorResponse)
   в OpenQA.Selenium.Remote.RemoteWebDriver.Execute(String driverCommandToExecute, Dictionary`2 parameters)
   в OpenQA.Selenium.Remote.RemoteCookieJar.AddCookie(Cookie cookie)
   в BotSpotify.Main.setCookies(IWebDriver driver, User user) в C:\Users\legen\workspace\BS\BS\BotSpotify\Main.cs:строка 692
2021-04-16 16:44:05.4375 ERROR OpenQA.Selenium.InvalidCookieDomainException: invalid cookie domain
  (Session info: chrome=90.0.4430.72)
   в OpenQA.Selenium.Remote.RemoteWebDriver.UnpackAndThrowOnError(Response errorResponse)
   в OpenQA.Selenium.Remote.RemoteWebDriver.Execute(String driverCommandToExecute, Dictionary`2 parameters)
   в OpenQA.Selenium.Remote.RemoteCookieJar.AddCookie(Cookie cookie)
   в BotSpotify.Main.setCookies(IWebDriver driver, User user) в C:\Users\legen\workspace\BS\BS\BotSpotify\Main.cs:строка 692
2021-04-16 16:44:05.4784 ERROR OpenQA.Selenium.InvalidCookieDomainException: invalid cookie domain
  (Session info: chrome=90.0.4430.72)
   в OpenQA.Selenium.Remote.RemoteWebDriver.UnpackAndThrowOnError(Response errorResponse)
   в OpenQA.Selenium.Remote.RemoteWebDriver.Execute(String driverCommandToExecute, Dictionary`2 parameters)
   в OpenQA.Selenium.Remote.RemoteCookieJar.AddCookie(Cookie cookie)
   в BotSpotify.Main.setCookies(IWebDriver driver, User user) в C:\Users\legen\workspace\BS\BS\BotSpotify\Main.cs:строка 692
2021-04-16 16:44:05.5204 ERROR OpenQA.Selenium.InvalidCookieDomainException: invalid cookie domain
  (Session info: chrome=90.0.4430.72)
   в OpenQA.Selenium.Remote.RemoteWebDriver.UnpackAndThrowOnError(Response errorResponse)
   в OpenQA.Selenium.Remote.RemoteWebDriver.Execute(String driverCommandToExecute, Dictionary`2 parameters)
   в OpenQA.Selenium.Remote.RemoteCookieJar.AddCookie(Cookie cookie)
   в BotSpotify.Main.setCookies(IWebDriver driver, User user) в C:\Users\legen\workspace\BS\BS\BotSpotify\Main.cs:строка 692
2021-04-16 16:44:05.5654 ERROR OpenQA.Selenium.InvalidCookieDomainException: invalid cookie domain
  (Session info: chrome=90.0.4430.72)
   в OpenQA.Selenium.Remote.RemoteWebDriver.UnpackAndThrowOnError(Response errorResponse)
   в OpenQA.Selenium.Remote.RemoteWebDriver.Execute(String driverCommandToExecute, Dictionary`2 parameters)
   в OpenQA.Selenium.Remote.RemoteCookieJar.AddCookie(Cookie cookie)
   в BotSpotify.Main.setCookies(IWebDriver driver, User user) в C:\Users\legen\workspace\BS\BS\BotSpotify\Main.cs:строка 692
2021-04-16 16:44:05.6143 ERROR OpenQA.Selenium.InvalidCookieDomainException: invalid cookie domain
  (Session info: chrome=90.0.4430.72)
   в OpenQA.Selenium.Remote.RemoteWebDriver.UnpackAndThrowOnError(Response errorResponse)
   в OpenQA.Selenium.Remote.RemoteWebDriver.Execute(String driverCommandToExecute, Dictionary`2 parameters)
   в OpenQA.Selenium.Remote.RemoteCookieJar.AddCookie(Cookie cookie)
   в BotSpotify.Main.setCookies(IWebDriver driver, User user) в C:\Users\legen\workspace\BS\BS\BotSpotify\Main.cs:строка 692
2021-04-16 16:44:05.6546 ERROR OpenQA.Selenium.InvalidCookieDomainException: invalid cookie domain
  (Session info: chrome=90.0.4430.72)
   в OpenQA.Selenium.Remote.RemoteWebDriver.UnpackAndThrowOnError(Response errorResponse)
   в OpenQA.Selenium.Remote.RemoteWebDriver.Execute(String driverCommandToExecute, Dictionary`2 parameters)
   в OpenQA.Selenium.Remote.RemoteCookieJar.AddCookie(Cookie cookie)
   в BotSpotify.Main.setCookies(IWebDriver driver, User user) в C:\Users\legen\workspace\BS\BS\BotSpotify\Main.cs:строка 692
2021-04-16 16:44:05.6988 ERROR OpenQA.Selenium.InvalidCookieDomainException: invalid cookie domain
  (Session info: chrome=90.0.4430.72)
   в OpenQA.Selenium.Remote.RemoteWebDriver.UnpackAndThrowOnError(Response errorResponse)
   в OpenQA.Selenium.Remote.RemoteWebDriver.Execute(String driverCommandToExecute, Dictionary`2 parameters)
   в OpenQA.Selenium.Remote.RemoteCookieJar.AddCookie(Cookie cookie)
   в BotSpotify.Main.setCookies(IWebDriver driver, User user) в C:\Users\legen\workspace\BS\BS\BotSpotify\Main.cs:строка 692
2021-04-16 16:44:05.7460 ERROR OpenQA.Selenium.InvalidCookieDomainException: invalid cookie domain
  (Session info: chrome=90.0.4430.72)
   в OpenQA.Selenium.Remote.RemoteWebDriver.UnpackAndThrowOnError(Response errorResponse)
   в OpenQA.Selenium.Remote.RemoteWebDriver.Execute(String driverCommandToExecute, Dictionary`2 parameters)
   в OpenQA.Selenium.Remote.RemoteCookieJar.AddCookie(Cookie cookie)
   в BotSpotify.Main.setCookies(IWebDriver driver, User user) в C:\Users\legen\workspace\BS\BS\BotSpotify\Main.cs:строка 692
2021-04-16 16:44:05.7990 ERROR OpenQA.Selenium.InvalidCookieDomainException: invalid cookie domain
  (Session info: chrome=90.0.4430.72)
   в OpenQA.Selenium.Remote.RemoteWebDriver.UnpackAndThrowOnError(Response errorResponse)
   в OpenQA.Selenium.Remote.RemoteWebDriver.Execute(String driverCommandToExecute, Dictionary`2 parameters)
   в OpenQA.Selenium.Remote.RemoteCookieJar.AddCookie(Cookie cookie)
   в BotSpotify.Main.setCookies(IWebDriver driver, User user) в C:\Users\legen\workspace\BS\BS\BotSpotify\Main.cs:строка 692
2021-04-16 16:44:40.1754 ERROR invalid argument: user data directory is already in use, please specify a unique value for --user-data-dir argument, or don't use --user-data-dir
2021-04-16 16:46:31.3162 ERROR System.Exception: Нет авторизированных пользователей
   в BotSpotify.Main.doWork() в C:\Users\legen\workspace\BS\BS\BotSpotify\Main.cs:строка 531
2021-04-16 17:42:32.3136 ERROR OpenQA.Selenium.InvalidCookieDomainException: invalid cookie domain
  (Session info: chrome=90.0.4430.72)
   в OpenQA.Selenium.Remote.RemoteWebDriver.UnpackAndThrowOnError(Response errorResponse)
   в OpenQA.Selenium.Remote.RemoteWebDriver.Execute(String driverCommandToExecute, Dictionary`2 parameters)
   в OpenQA.Selenium.Remote.RemoteCookieJar.AddCookie(Cookie cookie)
   в BotSpotify.Main.setCookies(IWebDriver driver, User user) в C:\Users\legen\workspace\BS\BS\BotSpotify\Main.cs:строка 692
2021-04-16 17:42:32.4837 ERROR OpenQA.Selenium.InvalidCookieDomainException: invalid cookie domain
  (Session info: chrome=90.0.4430.72)
   в OpenQA.Selenium.Remote.RemoteWebDriver.UnpackAndThrowOnError(Response errorResponse)
   в OpenQA.Selenium.Remote.RemoteWebDriver.Execute(String driverCommandToExecute, Dictionary`2 parameters)
   в OpenQA.Selenium.Remote.RemoteCookieJar.AddCookie(Cookie cookie)
   в BotSpotify.Main.setCookies(IWebDriver driver, User user) в C:\Users\legen\workspace\BS\BS\BotSpotify\Main.cs:строка 692
2021-04-16 17:42:32.5467 ERROR OpenQA.Selenium.InvalidCookieDomainException: invalid cookie domain
  (Session info: chrome=90.0.4430.72)
   в OpenQA.Selenium.Remote.RemoteWebDriver.UnpackAndThrowOnError(Response errorResponse)
   в OpenQA.Selenium.Remote.RemoteWebDriver.Execute(String driverCommandToExecute, Dictionary`2 parameters)
   в OpenQA.Selenium.Remote.RemoteCookieJar.AddCookie(Cookie cookie)
   в BotSpotify.Main.setCookies(IWebDriver driver, User user) в C:\Users\legen\workspace\BS\BS\BotSpotify\Main.cs:строка 692
2021-04-16 17:42:32.5966 ERROR OpenQA.Selenium.InvalidCookieDomainException: invalid cookie domain
  (Session info: chrome=90.0.4430.72)
   в OpenQA.Selenium.Remote.RemoteWebDriver.UnpackAndThrowOnError(Response errorResponse)
   в OpenQA.Selenium.Remote.RemoteWebDriver.Execute(String driverCommandToExecute, Dictionary`2 parameters)
   в OpenQA.Selenium.Remote.RemoteCookieJar.AddCookie(Cookie cookie)
   в BotSpotify.Main.setCookies(IWebDriver driver, User user) в C:\Users\legen\workspace\BS\BS\BotSpotify\Main.cs:строка 692
2021-04-16 17:42:32.6436 ERROR OpenQA.Selenium.InvalidCookieDomainException: invalid cookie domain
  (Session info: chrome=90.0.4430.72)
   в OpenQA.Selenium.Remote.RemoteWebDriver.UnpackAndThrowOnError(Response errorResponse)
   в OpenQA.Selenium.Remote.RemoteWebDriver.Execute(String driverCommandToExecute, Dictionary`2 parameters)
   в OpenQA.Selenium.Remote.RemoteCookieJar.AddCookie(Cookie cookie)
   в BotSpotify.Main.setCookies(IWebDriver driver, User user) в C:\Users\legen\workspace\BS\BS\BotSpotify\Main.cs:строка 692
2021-04-16 17:42:32.6856 ERROR OpenQA.Selenium.InvalidCookieDomainException: invalid cookie domain
  (Session info: chrome=90.0.4430.72)
   в OpenQA.Selenium.Remote.RemoteWebDriver.UnpackAndThrowOnError(Response errorResponse)
   в OpenQA.Selenium.Remote.RemoteWebDriver.Execute(String driverCommandToExecute, Dictionary`2 parameters)
   в OpenQA.Selenium.Remote.RemoteCookieJar.AddCookie(Cookie cookie)
   в BotSpotify.Main.setCookies(IWebDriver driver, User user) в C:\Users\legen\workspace\BS\BS\BotSpotify\Main.cs:строка 692
2021-04-16 17:42:32.7496 ERROR OpenQA.Selenium.InvalidCookieDomainException: invalid cookie domain
  (Session info: chrome=90.0.4430.72)
   в OpenQA.Selenium.Remote.RemoteWebDriver.UnpackAndThrowOnError(Response errorResponse)
   в OpenQA.Selenium.Remote.RemoteWebDriver.Execute(String driverCommandToExecute, Dictionary`2 parameters)
   в OpenQA.Selenium.Remote.RemoteCookieJar.AddCookie(Cookie cookie)
   в BotSpotify.Main.setCookies(IWebDriver driver, User user) в C:\Users\legen\workspace\BS\BS\BotSpotify\Main.cs:строка 692
2021-04-16 17:42:32.8385 ERROR OpenQA.Selenium.InvalidCookieDomainException: invalid cookie domain
  (Session info: chrome=90.0.4430.72)
   в OpenQA.Selenium.Remote.RemoteWebDriver.UnpackAndThrowOnError(Response errorResponse)
   в OpenQA.Selenium.Remote.RemoteWebDriver.Execute(String driverCommandToExecute, Dictionary`2 parameters)
   в OpenQA.Selenium.Remote.RemoteCookieJar.AddCookie(Cookie cookie)
   в BotSpotify.Main.setCookies(IWebDriver driver, User user) в C:\Users\legen\workspace\BS\BS\BotSpotify\Main.cs:строка 692
2021-04-16 17:42:32.9055 ERROR OpenQA.Selenium.InvalidCookieDomainException: invalid cookie domain
  (Session info: chrome=90.0.4430.72)
   в OpenQA.Selenium.Remote.RemoteWebDriver.UnpackAndThrowOnError(Response errorResponse)
   в OpenQA.Selenium.Remote.RemoteWebDriver.Execute(String driverCommandToExecute, Dictionary`2 parameters)
   в OpenQA.Selenium.Remote.RemoteCookieJar.AddCookie(Cookie cookie)
   в BotSpotify.Main.setCookies(IWebDriver driver, User user) в C:\Users\legen\workspace\BS\BS\BotSpotify\Main.cs:строка 692
2021-04-16 17:42:33.0034 ERROR OpenQA.Selenium.InvalidCookieDomainException: invalid cookie domain
  (Session info: chrome=90.0.4430.72)
   в OpenQA.Selenium.Remote.RemoteWebDriver.UnpackAndThrowOnError(Response errorResponse)
   в OpenQA.Selenium.Remote.RemoteWebDriver.Execute(String driverCommandToExecute, Dictionary`2 parameters)
   в OpenQA.Selenium.Remote.RemoteCookieJar.AddCookie(Cookie cookie)
   в BotSpotify.Main.setCookies(IWebDriver driver, User user) в C:\Users\legen\workspace\BS\BS\BotSpotify\Main.cs:строка 692
2021-04-16 17:42:33.0664 ERROR OpenQA.Selenium.InvalidCookieDomainException: invalid cookie domain
  (Session info: chrome=90.0.4430.72)
   в OpenQA.Selenium.Remote.RemoteWebDriver.UnpackAndThrowOnError(Response errorResponse)
   в OpenQA.Selenium.Remote.RemoteWebDriver.Execute(String driverCommandToExecute, Dictionary`2 parameters)
   в OpenQA.Selenium.Remote.RemoteCookieJar.AddCookie(Cookie cookie)
   в BotSpotify.Main.setCookies(IWebDriver driver, User user) в C:\Users\legen\workspace\BS\BS\BotSpotify\Main.cs:строка 692
2021-04-16 17:42:33.1433 ERROR OpenQA.Selenium.InvalidCookieDomainException: invalid cookie domain
  (Session info: chrome=90.0.4430.72)
   в OpenQA.Selenium.Remote.RemoteWebDriver.UnpackAndThrowOnError(Response errorResponse)
   в OpenQA.Selenium.Remote.RemoteWebDriver.Execute(String driverCommandToExecute, Dictionary`2 parameters)
   в OpenQA.Selenium.Remote.RemoteCookieJar.AddCookie(Cookie cookie)
   в BotSpotify.Main.setCookies(IWebDriver driver, User user) в C:\Users\legen\workspace\BS\BS\BotSpotify\Main.cs:строка 692
2021-04-16 17:42:33.2633 ERROR OpenQA.Selenium.InvalidCookieDomainException: invalid cookie domain
  (Session info: chrome=90.0.4430.72)
   в OpenQA.Selenium.Remote.RemoteWebDriver.UnpackAndThrowOnError(Response errorResponse)
   в OpenQA.Selenium.Remote.RemoteWebDriver.Execute(String driverCommandToExecute, Dictionary`2 parameters)
   в OpenQA.Selenium.Remote.RemoteCookieJar.AddCookie(Cookie cookie)
   в BotSpotify.Main.setCookies(IWebDriver driver, User user) в C:\Users\legen\workspace\BS\BS\BotSpotify\Main.cs:строка 692
2021-04-16 17:42:33.3322 ERROR OpenQA.Selenium.InvalidCookieDomainException: invalid cookie domain
  (Session info: chrome=90.0.4430.72)
   в OpenQA.Selenium.Remote.RemoteWebDriver.UnpackAndThrowOnError(Response errorResponse)
   в OpenQA.Selenium.Remote.RemoteWebDriver.Execute(String driverCommandToExecute, Dictionary`2 parameters)
   в OpenQA.Selenium.Remote.RemoteCookieJar.AddCookie(Cookie cookie)
   в BotSpotify.Main.setCookies(IWebDriver driver, User user) в C:\Users\legen\workspace\BS\BS\BotSpotify\Main.cs:строка 692
2021-04-16 17:42:33.3972 ERROR OpenQA.Selenium.InvalidCookieDomainException: invalid cookie domain
  (Session info: chrome=90.0.4430.72)
   в OpenQA.Selenium.Remote.RemoteWebDriver.UnpackAndThrowOnError(Response errorResponse)
   в OpenQA.Selenium.Remote.RemoteWebDriver.Execute(String driverCommandToExecute, Dictionary`2 parameters)
   в OpenQA.Selenium.Remote.RemoteCookieJar.AddCookie(Cookie cookie)
   в BotSpotify.Main.setCookies(IWebDriver driver, User user) в C:\Users\legen\workspace\BS\BS\BotSpotify\Main.cs:строка 692
2021-04-16 17:42:33.4771 ERROR OpenQA.Selenium.InvalidCookieDomainException: invalid cookie domain
  (Session info: chrome=90.0.4430.72)
   в OpenQA.Selenium.Remote.RemoteWebDriver.UnpackAndThrowOnError(Response errorResponse)
   в OpenQA.Selenium.Remote.RemoteWebDriver.Execute(String driverCommandToExecute, Dictionary`2 parameters)
   в OpenQA.Selenium.Remote.RemoteCookieJar.AddCookie(Cookie cookie)
   в BotSpotify.Main.setCookies(IWebDriver driver, User user) в C:\Users\legen\workspace\BS\BS\BotSpotify\Main.cs:строка 692
2021-04-16 17:42:33.5601 ERROR OpenQA.Selenium.InvalidCookieDomainException: invalid cookie domain
  (Session info: chrome=90.0.4430.72)
   в OpenQA.Selenium.Remote.RemoteWebDriver.UnpackAndThrowOnError(Response errorResponse)
   в OpenQA.Selenium.Remote.RemoteWebDriver.Execute(String driverCommandToExecute, Dictionary`2 parameters)
   в OpenQA.Selenium.Remote.RemoteCookieJar.AddCookie(Cookie cookie)
   в BotSpotify.Main.setCookies(IWebDriver driver, User user) в C:\Users\legen\workspace\BS\BS\BotSpotify\Main.cs:строка 692
2021-04-16 17:42:33.6421 ERROR OpenQA.Selenium.InvalidCookieDomainException: invalid cookie domain
  (Session info: chrome=90.0.4430.72)
   в OpenQA.Selenium.Remote.RemoteWebDriver.UnpackAndThrowOnError(Response errorResponse)
   в OpenQA.Selenium.Remote.RemoteWebDriver.Execute(String driverCommandToExecute, Dictionary`2 parameters)
   в OpenQA.Selenium.Remote.RemoteCookieJar.AddCookie(Cookie cookie)
   в BotSpotify.Main.setCookies(IWebDriver driver, User user) в C:\Users\legen\workspace\BS\BS\BotSpotify\Main.cs:строка 692
2021-04-16 17:42:33.7190 ERROR OpenQA.Selenium.InvalidCookieDomainException: invalid cookie domain
  (Session info: chrome=90.0.4430.72)
   в OpenQA.Selenium.Remote.RemoteWebDriver.UnpackAndThrowOnError(Response errorResponse)
   в OpenQA.Selenium.Remote.RemoteWebDriver.Execute(String driverCommandToExecute, Dictionary`2 parameters)
   в OpenQA.Selenium.Remote.RemoteCookieJar.AddCookie(Cookie cookie)
   в BotSpotify.Main.setCookies(IWebDriver driver, User user) в C:\Users\legen\workspace\BS\BS\BotSpotify\Main.cs:строка 692
2021-04-16 17:42:33.7790 ERROR OpenQA.Selenium.InvalidCookieDomainException: invalid cookie domain
  (Session info: chrome=90.0.4430.72)
   в OpenQA.Selenium.Remote.RemoteWebDriver.UnpackAndThrowOnError(Response errorResponse)
   в OpenQA.Selenium.Remote.RemoteWebDriver.Execute(String driverCommandToExecute, Dictionary`2 parameters)
   в OpenQA.Selenium.Remote.RemoteCookieJar.AddCookie(Cookie cookie)
   в BotSpotify.Main.setCookies(IWebDriver driver, User user) в C:\Users\legen\workspace\BS\BS\BotSpotify\Main.cs:строка 692
