2021-04-14 16:16:38.7311 ERROR System.Data.SqlServerCe.SqlCeException (0x80004005): The path is not valid. Check the directory for the database. [ Path = D:\BotSpotifyDB.sdf ]
   at System.Data.SqlServerCe.SqlCeEngine.CreateDatabase()
   at System.Data.Entity.SqlServerCompact.SqlCeProviderServices.DbCreateDatabase(DbConnection connection, Nullable`1 timeOut, StoreItemCollection storeItemCollection)
   at System.Data.Entity.Migrations.Utilities.DatabaseCreator.Create(DbConnection connection)
   at System.Data.Entity.Migrations.DbMigrator.EnsureDatabaseExists(Action mustSucceedToKeepDatabase)
   at System.Data.Entity.Migrations.DbMigrator.Update(String targetMigration)
   at System.Data.Entity.Internal.DatabaseCreator.CreateDatabase(InternalContext internalContext, Func`3 createMigrator, ObjectContext objectContext)
   at System.Data.Entity.Database.Create(DatabaseExistenceState existenceState)
   at System.Data.Entity.CreateDatabaseIfNotExists`1.InitializeDatabase(TContext context)
   at System.Data.Entity.Internal.InternalContext.PerformInitializationAction(Action action)
   at System.Data.Entity.Internal.InternalContext.PerformDatabaseInitialization()
   at System.Data.Entity.Internal.RetryAction`1.PerformAction(TInput input)
   at System.Data.Entity.Internal.LazyInternalContext.InitializeDatabaseAction(Action`1 action)
   at System.Data.Entity.Internal.InternalContext.GetEntitySetAndBaseTypeForType(Type entityType)
   at System.Data.Entity.Internal.Linq.InternalSet`1.Initialize()
   at System.Data.Entity.Internal.Linq.InternalSet`1.GetEnumerator()
   at System.Collections.Generic.List`1..ctor(IEnumerable`1 collection)
   at System.Linq.Enumerable.ToList[TSource](IEnumerable`1 source)
   at BotSpotify.Main.Main_Load(Object sender, EventArgs e) in C:\Users\bigjo\Desktop\BS\BotSpotify\Main.cs:line 71
2021-04-14 16:16:44.2266 ERROR System.Data.SqlServerCe.SqlCeException (0x80004005): The path is not valid. Check the directory for the database. [ Path = D:\BotSpotifyDB.sdf ]
   at System.Data.SqlServerCe.SqlCeEngine.CreateDatabase()
   at System.Data.Entity.SqlServerCompact.SqlCeProviderServices.DbCreateDatabase(DbConnection connection, Nullable`1 timeOut, StoreItemCollection storeItemCollection)
   at System.Data.Entity.Migrations.Utilities.DatabaseCreator.Create(DbConnection connection)
   at System.Data.Entity.Migrations.DbMigrator.EnsureDatabaseExists(Action mustSucceedToKeepDatabase)
   at System.Data.Entity.Migrations.DbMigrator.Update(String targetMigration)
   at System.Data.Entity.Internal.DatabaseCreator.CreateDatabase(InternalContext internalContext, Func`3 createMigrator, ObjectContext objectContext)
   at System.Data.Entity.Database.Create(DatabaseExistenceState existenceState)
   at System.Data.Entity.CreateDatabaseIfNotExists`1.InitializeDatabase(TContext context)
   at System.Data.Entity.Internal.InternalContext.PerformInitializationAction(Action action)
   at System.Data.Entity.Internal.InternalContext.PerformDatabaseInitialization()
   at System.Data.Entity.Internal.RetryAction`1.PerformAction(TInput input)
   at System.Data.Entity.Internal.LazyInternalContext.InitializeDatabaseAction(Action`1 action)
   at System.Data.Entity.Internal.InternalContext.GetEntitySetAndBaseTypeForType(Type entityType)
   at System.Data.Entity.Internal.Linq.InternalSet`1.Initialize()
   at System.Data.Entity.Internal.Linq.InternalSet`1.get_InternalContext()
   at System.Data.Entity.Infrastructure.DbQuery`1.System.Linq.IQueryable.get_Provider()
   at System.Linq.Queryable.FirstOrDefault[TSource](IQueryable`1 source, Expression`1 predicate)
   at BotSpotify.Main.addUser(String text, SiteTypes type) in C:\Users\bigjo\Desktop\BS\BotSpotify\Main.cs:line 731
   at BotSpotify.Main.ToolStripMenuItemAddSpotify_Click(Object sender, EventArgs e) in C:\Users\bigjo\Desktop\BS\BotSpotify\Main.cs:line 413
2021-04-14 16:16:47.5213 ERROR System.Data.SqlServerCe.SqlCeException (0x80004005): The path is not valid. Check the directory for the database. [ Path = D:\BotSpotifyDB.sdf ]
   at System.Data.SqlServerCe.SqlCeEngine.CreateDatabase()
   at System.Data.Entity.SqlServerCompact.SqlCeProviderServices.DbCreateDatabase(DbConnection connection, Nullable`1 timeOut, StoreItemCollection storeItemCollection)
   at System.Data.Entity.Migrations.Utilities.DatabaseCreator.Create(DbConnection connection)
   at System.Data.Entity.Migrations.DbMigrator.EnsureDatabaseExists(Action mustSucceedToKeepDatabase)
   at System.Data.Entity.Migrations.DbMigrator.Update(String targetMigration)
   at System.Data.Entity.Internal.DatabaseCreator.CreateDatabase(InternalContext internalContext, Func`3 createMigrator, ObjectContext objectContext)
   at System.Data.Entity.Database.Create(DatabaseExistenceState existenceState)
   at System.Data.Entity.CreateDatabaseIfNotExists`1.InitializeDatabase(TContext context)
   at System.Data.Entity.Internal.InternalContext.PerformInitializationAction(Action action)
   at System.Data.Entity.Internal.InternalContext.PerformDatabaseInitialization()
   at System.Data.Entity.Internal.RetryAction`1.PerformAction(TInput input)
   at System.Data.Entity.Internal.LazyInternalContext.InitializeDatabaseAction(Action`1 action)
   at System.Data.Entity.Internal.InternalContext.GetEntitySetAndBaseTypeForType(Type entityType)
   at System.Data.Entity.Internal.Linq.InternalSet`1.Initialize()
   at System.Data.Entity.Internal.Linq.InternalSet`1.get_InternalContext()
   at System.Data.Entity.Infrastructure.DbQuery`1.System.Linq.IQueryable.get_Provider()
   at System.Linq.Queryable.Where[TSource](IQueryable`1 source, Expression`1 predicate)
   at BotSpotify.Main.doWork() in C:\Users\bigjo\Desktop\BS\BotSpotify\Main.cs:line 511
2021-04-14 16:37:53.9912 ERROR System.Data.SqlServerCe.SqlCeException (0x80004005): The path is not valid. Check the directory for the database. [ Path = D:\BotSpotifyDB.sdf ]
   at System.Data.SqlServerCe.SqlCeEngine.CreateDatabase()
   at System.Data.Entity.SqlServerCompact.SqlCeProviderServices.DbCreateDatabase(DbConnection connection, Nullable`1 timeOut, StoreItemCollection storeItemCollection)
   at System.Data.Entity.Migrations.Utilities.DatabaseCreator.Create(DbConnection connection)
   at System.Data.Entity.Migrations.DbMigrator.EnsureDatabaseExists(Action mustSucceedToKeepDatabase)
   at System.Data.Entity.Migrations.DbMigrator.Update(String targetMigration)
   at System.Data.Entity.Internal.DatabaseCreator.CreateDatabase(InternalContext internalContext, Func`3 createMigrator, ObjectContext objectContext)
   at System.Data.Entity.Database.Create(DatabaseExistenceState existenceState)
   at System.Data.Entity.CreateDatabaseIfNotExists`1.InitializeDatabase(TContext context)
   at System.Data.Entity.Internal.InternalContext.PerformInitializationAction(Action action)
   at System.Data.Entity.Internal.InternalContext.PerformDatabaseInitialization()
   at System.Data.Entity.Internal.RetryAction`1.PerformAction(TInput input)
   at System.Data.Entity.Internal.LazyInternalContext.InitializeDatabaseAction(Action`1 action)
   at System.Data.Entity.Internal.InternalContext.GetEntitySetAndBaseTypeForType(Type entityType)
   at System.Data.Entity.Internal.Linq.InternalSet`1.Initialize()
   at System.Data.Entity.Internal.Linq.InternalSet`1.GetEnumerator()
   at System.Collections.Generic.List`1..ctor(IEnumerable`1 collection)
   at System.Linq.Enumerable.ToList[TSource](IEnumerable`1 source)
   at BotSpotify.Main.Main_Load(Object sender, EventArgs e) in C:\Users\bigjo\Desktop\BS\BotSpotify\Main.cs:line 71
2021-04-14 16:38:48.5097 ERROR System.Data.SqlServerCe.SqlCeException (0x80004005): The path is not valid. Check the directory for the database. [ Path = D:\BotSpotifyDB.sdf ]
   at System.Data.SqlServerCe.SqlCeEngine.CreateDatabase()
   at System.Data.Entity.SqlServerCompact.SqlCeProviderServices.DbCreateDatabase(DbConnection connection, Nullable`1 timeOut, StoreItemCollection storeItemCollection)
   at System.Data.Entity.Migrations.Utilities.DatabaseCreator.Create(DbConnection connection)
   at System.Data.Entity.Migrations.DbMigrator.EnsureDatabaseExists(Action mustSucceedToKeepDatabase)
   at System.Data.Entity.Migrations.DbMigrator.Update(String targetMigration)
   at System.Data.Entity.Internal.DatabaseCreator.CreateDatabase(InternalContext internalContext, Func`3 createMigrator, ObjectContext objectContext)
   at System.Data.Entity.Database.Create(DatabaseExistenceState existenceState)
   at System.Data.Entity.CreateDatabaseIfNotExists`1.InitializeDatabase(TContext context)
   at System.Data.Entity.Internal.InternalContext.PerformInitializationAction(Action action)
   at System.Data.Entity.Internal.InternalContext.PerformDatabaseInitialization()
   at System.Data.Entity.Internal.RetryAction`1.PerformAction(TInput input)
   at System.Data.Entity.Internal.LazyInternalContext.InitializeDatabaseAction(Action`1 action)
   at System.Data.Entity.Internal.InternalContext.GetEntitySetAndBaseTypeForType(Type entityType)
   at System.Data.Entity.Internal.Linq.InternalSet`1.Initialize()
   at System.Data.Entity.Internal.Linq.InternalSet`1.GetEnumerator()
   at System.Collections.Generic.List`1..ctor(IEnumerable`1 collection)
   at System.Linq.Enumerable.ToList[TSource](IEnumerable`1 source)
   at BotSpotify.Main.Main_Load(Object sender, EventArgs e) in C:\Users\bigjo\Desktop\BS\BotSpotify\Main.cs:line 71
2021-04-14 16:39:38.3015 ERROR System.Data.SqlServerCe.SqlCeException (0x80004005): The path is not valid. Check the directory for the database. [ Path = D:\BotSpotifyDB.sdf ]
   at System.Data.SqlServerCe.SqlCeEngine.CreateDatabase()
   at System.Data.Entity.SqlServerCompact.SqlCeProviderServices.DbCreateDatabase(DbConnection connection, Nullable`1 timeOut, StoreItemCollection storeItemCollection)
   at System.Data.Entity.Migrations.Utilities.DatabaseCreator.Create(DbConnection connection)
   at System.Data.Entity.Migrations.DbMigrator.EnsureDatabaseExists(Action mustSucceedToKeepDatabase)
   at System.Data.Entity.Migrations.DbMigrator.Update(String targetMigration)
   at System.Data.Entity.Internal.DatabaseCreator.CreateDatabase(InternalContext internalContext, Func`3 createMigrator, ObjectContext objectContext)
   at System.Data.Entity.Database.Create(DatabaseExistenceState existenceState)
   at System.Data.Entity.CreateDatabaseIfNotExists`1.InitializeDatabase(TContext context)
   at System.Data.Entity.Internal.InternalContext.PerformInitializationAction(Action action)
   at System.Data.Entity.Internal.InternalContext.PerformDatabaseInitialization()
   at System.Data.Entity.Internal.RetryAction`1.PerformAction(TInput input)
   at System.Data.Entity.Internal.LazyInternalContext.InitializeDatabaseAction(Action`1 action)
   at System.Data.Entity.Internal.InternalContext.GetEntitySetAndBaseTypeForType(Type entityType)
   at System.Data.Entity.Internal.Linq.InternalSet`1.Initialize()
   at System.Data.Entity.Internal.Linq.InternalSet`1.GetEnumerator()
   at System.Collections.Generic.List`1..ctor(IEnumerable`1 collection)
   at System.Linq.Enumerable.ToList[TSource](IEnumerable`1 source)
   at BotSpotify.Main.Main_Load(Object sender, EventArgs e) in C:\Users\bigjo\Desktop\BS\BotSpotify\Main.cs:line 71
2021-04-14 16:40:24.1301 ERROR System.Data.SqlServerCe.SqlCeException (0x80004005): The path is not valid. Check the directory for the database. [ Path = D:\BotSpotifyDB.sdf ]
   at System.Data.SqlServerCe.SqlCeEngine.CreateDatabase()
   at System.Data.Entity.SqlServerCompact.SqlCeProviderServices.DbCreateDatabase(DbConnection connection, Nullable`1 timeOut, StoreItemCollection storeItemCollection)
   at System.Data.Entity.Migrations.Utilities.DatabaseCreator.Create(DbConnection connection)
   at System.Data.Entity.Migrations.DbMigrator.EnsureDatabaseExists(Action mustSucceedToKeepDatabase)
   at System.Data.Entity.Migrations.DbMigrator.Update(String targetMigration)
   at System.Data.Entity.Internal.DatabaseCreator.CreateDatabase(InternalContext internalContext, Func`3 createMigrator, ObjectContext objectContext)
   at System.Data.Entity.Database.Create(DatabaseExistenceState existenceState)
   at System.Data.Entity.CreateDatabaseIfNotExists`1.InitializeDatabase(TContext context)
   at System.Data.Entity.Internal.InternalContext.PerformInitializationAction(Action action)
   at System.Data.Entity.Internal.InternalContext.PerformDatabaseInitialization()
   at System.Data.Entity.Internal.RetryAction`1.PerformAction(TInput input)
   at System.Data.Entity.Internal.LazyInternalContext.InitializeDatabaseAction(Action`1 action)
   at System.Data.Entity.Internal.InternalContext.GetEntitySetAndBaseTypeForType(Type entityType)
   at System.Data.Entity.Internal.Linq.InternalSet`1.Initialize()
   at System.Data.Entity.Internal.Linq.InternalSet`1.GetEnumerator()
   at System.Collections.Generic.List`1..ctor(IEnumerable`1 collection)
   at System.Linq.Enumerable.ToList[TSource](IEnumerable`1 source)
   at BotSpotify.Main.Main_Load(Object sender, EventArgs e) in C:\Users\bigjo\Desktop\BS\BotSpotify\Main.cs:line 71
2021-04-14 16:40:57.9412 ERROR System.Data.SqlServerCe.SqlCeException (0x80004005): The path is not valid. Check the directory for the database. [ Path = D:\BotSpotifyDB.sdf ]
   at System.Data.SqlServerCe.SqlCeEngine.CreateDatabase()
   at System.Data.Entity.SqlServerCompact.SqlCeProviderServices.DbCreateDatabase(DbConnection connection, Nullable`1 timeOut, StoreItemCollection storeItemCollection)
   at System.Data.Entity.Migrations.Utilities.DatabaseCreator.Create(DbConnection connection)
   at System.Data.Entity.Migrations.DbMigrator.EnsureDatabaseExists(Action mustSucceedToKeepDatabase)
   at System.Data.Entity.Migrations.DbMigrator.Update(String targetMigration)
   at System.Data.Entity.Internal.DatabaseCreator.CreateDatabase(InternalContext internalContext, Func`3 createMigrator, ObjectContext objectContext)
   at System.Data.Entity.Database.Create(DatabaseExistenceState existenceState)
   at System.Data.Entity.CreateDatabaseIfNotExists`1.InitializeDatabase(TContext context)
   at System.Data.Entity.Internal.InternalContext.PerformInitializationAction(Action action)
   at System.Data.Entity.Internal.InternalContext.PerformDatabaseInitialization()
   at System.Data.Entity.Internal.RetryAction`1.PerformAction(TInput input)
   at System.Data.Entity.Internal.LazyInternalContext.InitializeDatabaseAction(Action`1 action)
   at System.Data.Entity.Internal.InternalContext.GetEntitySetAndBaseTypeForType(Type entityType)
   at System.Data.Entity.Internal.Linq.InternalSet`1.Initialize()
   at System.Data.Entity.Internal.Linq.InternalSet`1.GetEnumerator()
   at System.Collections.Generic.List`1..ctor(IEnumerable`1 collection)
   at System.Linq.Enumerable.ToList[TSource](IEnumerable`1 source)
   at BotSpotify.Main.Main_Load(Object sender, EventArgs e) in C:\Users\bigjo\Desktop\BS\BotSpotify\Main.cs:line 71
2021-04-14 16:41:12.9862 ERROR System.Data.SqlServerCe.SqlCeException (0x80004005): The path is not valid. Check the directory for the database. [ Path = D:\BotSpotifyDB.sdf ]
   at System.Data.SqlServerCe.SqlCeEngine.CreateDatabase()
   at System.Data.Entity.SqlServerCompact.SqlCeProviderServices.DbCreateDatabase(DbConnection connection, Nullable`1 timeOut, StoreItemCollection storeItemCollection)
   at System.Data.Entity.Migrations.Utilities.DatabaseCreator.Create(DbConnection connection)
   at System.Data.Entity.Migrations.DbMigrator.EnsureDatabaseExists(Action mustSucceedToKeepDatabase)
   at System.Data.Entity.Migrations.DbMigrator.Update(String targetMigration)
   at System.Data.Entity.Internal.DatabaseCreator.CreateDatabase(InternalContext internalContext, Func`3 createMigrator, ObjectContext objectContext)
   at System.Data.Entity.Database.Create(DatabaseExistenceState existenceState)
   at System.Data.Entity.CreateDatabaseIfNotExists`1.InitializeDatabase(TContext context)
   at System.Data.Entity.Internal.InternalContext.PerformInitializationAction(Action action)
   at System.Data.Entity.Internal.InternalContext.PerformDatabaseInitialization()
   at System.Data.Entity.Internal.RetryAction`1.PerformAction(TInput input)
   at System.Data.Entity.Internal.LazyInternalContext.InitializeDatabaseAction(Action`1 action)
   at System.Data.Entity.Internal.InternalContext.GetEntitySetAndBaseTypeForType(Type entityType)
   at System.Data.Entity.Internal.Linq.InternalSet`1.Initialize()
   at System.Data.Entity.Internal.Linq.InternalSet`1.GetEnumerator()
   at System.Collections.Generic.List`1..ctor(IEnumerable`1 collection)
   at System.Linq.Enumerable.ToList[TSource](IEnumerable`1 source)
   at BotSpotify.Main.Main_Load(Object sender, EventArgs e) in C:\Users\bigjo\Desktop\BS\BotSpotify\Main.cs:line 71
2021-04-14 16:42:13.6265 ERROR System.Data.SqlServerCe.SqlCeException (0x80004005): The path is not valid. Check the directory for the database. [ Path = D:\BotSpotifyDB.sdf ]
   at System.Data.SqlServerCe.SqlCeEngine.CreateDatabase()
   at System.Data.Entity.SqlServerCompact.SqlCeProviderServices.DbCreateDatabase(DbConnection connection, Nullable`1 timeOut, StoreItemCollection storeItemCollection)
   at System.Data.Entity.Migrations.Utilities.DatabaseCreator.Create(DbConnection connection)
   at System.Data.Entity.Migrations.DbMigrator.EnsureDatabaseExists(Action mustSucceedToKeepDatabase)
   at System.Data.Entity.Migrations.DbMigrator.Update(String targetMigration)
   at System.Data.Entity.Internal.DatabaseCreator.CreateDatabase(InternalContext internalContext, Func`3 createMigrator, ObjectContext objectContext)
   at System.Data.Entity.Database.Create(DatabaseExistenceState existenceState)
   at System.Data.Entity.CreateDatabaseIfNotExists`1.InitializeDatabase(TContext context)
   at System.Data.Entity.Internal.InternalContext.PerformInitializationAction(Action action)
   at System.Data.Entity.Internal.InternalContext.PerformDatabaseInitialization()
   at System.Data.Entity.Internal.RetryAction`1.PerformAction(TInput input)
   at System.Data.Entity.Internal.LazyInternalContext.InitializeDatabaseAction(Action`1 action)
   at System.Data.Entity.Internal.InternalContext.GetEntitySetAndBaseTypeForType(Type entityType)
   at System.Data.Entity.Internal.Linq.InternalSet`1.Initialize()
   at System.Data.Entity.Internal.Linq.InternalSet`1.GetEnumerator()
   at System.Collections.Generic.List`1..ctor(IEnumerable`1 collection)
   at System.Linq.Enumerable.ToList[TSource](IEnumerable`1 source)
   at BotSpotify.Main.Main_Load(Object sender, EventArgs e) in C:\Users\bigjo\Desktop\BS\BotSpotify\Main.cs:line 71
2021-04-14 16:43:38.6201 ERROR System.Data.SqlServerCe.SqlCeException (0x80004005): The path is not valid. Check the directory for the database. [ Path = D:\BotSpotifyDB.sdf ]
   at System.Data.SqlServerCe.SqlCeEngine.CreateDatabase()
   at System.Data.Entity.SqlServerCompact.SqlCeProviderServices.DbCreateDatabase(DbConnection connection, Nullable`1 timeOut, StoreItemCollection storeItemCollection)
   at System.Data.Entity.Migrations.Utilities.DatabaseCreator.Create(DbConnection connection)
   at System.Data.Entity.Migrations.DbMigrator.EnsureDatabaseExists(Action mustSucceedToKeepDatabase)
   at System.Data.Entity.Migrations.DbMigrator.Update(String targetMigration)
   at System.Data.Entity.Internal.DatabaseCreator.CreateDatabase(InternalContext internalContext, Func`3 createMigrator, ObjectContext objectContext)
   at System.Data.Entity.Database.Create(DatabaseExistenceState existenceState)
   at System.Data.Entity.CreateDatabaseIfNotExists`1.InitializeDatabase(TContext context)
   at System.Data.Entity.Internal.InternalContext.PerformInitializationAction(Action action)
   at System.Data.Entity.Internal.InternalContext.PerformDatabaseInitialization()
   at System.Data.Entity.Internal.RetryAction`1.PerformAction(TInput input)
   at System.Data.Entity.Internal.LazyInternalContext.InitializeDatabaseAction(Action`1 action)
   at System.Data.Entity.Internal.InternalContext.GetEntitySetAndBaseTypeForType(Type entityType)
   at System.Data.Entity.Internal.Linq.InternalSet`1.Initialize()
   at System.Data.Entity.Internal.Linq.InternalSet`1.GetEnumerator()
   at System.Collections.Generic.List`1..ctor(IEnumerable`1 collection)
   at System.Linq.Enumerable.ToList[TSource](IEnumerable`1 source)
   at BotSpotify.Main.Main_Load(Object sender, EventArgs e) in C:\Users\bigjo\Desktop\BS\BotSpotify\Main.cs:line 71
2021-04-14 16:45:06.2955 ERROR System.Data.SqlServerCe.SqlCeException (0x80004005): The path is not valid. Check the directory for the database. [ Path = D:\BotSpotifyDB.sdf ]
   at System.Data.SqlServerCe.SqlCeEngine.CreateDatabase()
   at System.Data.Entity.SqlServerCompact.SqlCeProviderServices.DbCreateDatabase(DbConnection connection, Nullable`1 timeOut, StoreItemCollection storeItemCollection)
   at System.Data.Entity.Migrations.Utilities.DatabaseCreator.Create(DbConnection connection)
   at System.Data.Entity.Migrations.DbMigrator.EnsureDatabaseExists(Action mustSucceedToKeepDatabase)
   at System.Data.Entity.Migrations.DbMigrator.Update(String targetMigration)
   at System.Data.Entity.Internal.DatabaseCreator.CreateDatabase(InternalContext internalContext, Func`3 createMigrator, ObjectContext objectContext)
   at System.Data.Entity.Database.Create(DatabaseExistenceState existenceState)
   at System.Data.Entity.CreateDatabaseIfNotExists`1.InitializeDatabase(TContext context)
   at System.Data.Entity.Internal.InternalContext.PerformInitializationAction(Action action)
   at System.Data.Entity.Internal.InternalContext.PerformDatabaseInitialization()
   at System.Data.Entity.Internal.RetryAction`1.PerformAction(TInput input)
   at System.Data.Entity.Internal.LazyInternalContext.InitializeDatabaseAction(Action`1 action)
   at System.Data.Entity.Internal.InternalContext.GetEntitySetAndBaseTypeForType(Type entityType)
   at System.Data.Entity.Internal.Linq.InternalSet`1.Initialize()
   at System.Data.Entity.Internal.Linq.InternalSet`1.GetEnumerator()
   at System.Collections.Generic.List`1..ctor(IEnumerable`1 collection)
   at System.Linq.Enumerable.ToList[TSource](IEnumerable`1 source)
   at BotSpotify.Main.Main_Load(Object sender, EventArgs e) in C:\Users\bigjo\Desktop\BS\BotSpotify\Main.cs:line 71
2021-04-14 16:46:45.1909 ERROR System.Data.SqlServerCe.SqlCeException (0x80004005): The path is not valid. Check the directory for the database. [ Path = D:\BotSpotifyDB.sdf ]
   at System.Data.SqlServerCe.SqlCeEngine.CreateDatabase()
   at System.Data.Entity.SqlServerCompact.SqlCeProviderServices.DbCreateDatabase(DbConnection connection, Nullable`1 timeOut, StoreItemCollection storeItemCollection)
   at System.Data.Entity.Migrations.Utilities.DatabaseCreator.Create(DbConnection connection)
   at System.Data.Entity.Migrations.DbMigrator.EnsureDatabaseExists(Action mustSucceedToKeepDatabase)
   at System.Data.Entity.Migrations.DbMigrator.Update(String targetMigration)
   at System.Data.Entity.Internal.DatabaseCreator.CreateDatabase(InternalContext internalContext, Func`3 createMigrator, ObjectContext objectContext)
   at System.Data.Entity.Database.Create(DatabaseExistenceState existenceState)
   at System.Data.Entity.CreateDatabaseIfNotExists`1.InitializeDatabase(TContext context)
   at System.Data.Entity.Internal.InternalContext.PerformInitializationAction(Action action)
   at System.Data.Entity.Internal.InternalContext.PerformDatabaseInitialization()
   at System.Data.Entity.Internal.RetryAction`1.PerformAction(TInput input)
   at System.Data.Entity.Internal.LazyInternalContext.InitializeDatabaseAction(Action`1 action)
   at System.Data.Entity.Internal.InternalContext.GetEntitySetAndBaseTypeForType(Type entityType)
   at System.Data.Entity.Internal.Linq.InternalSet`1.Initialize()
   at System.Data.Entity.Internal.Linq.InternalSet`1.get_InternalContext()
   at System.Data.Entity.Infrastructure.DbQuery`1.System.Linq.IQueryable.get_Provider()
   at System.Linq.Queryable.FirstOrDefault[TSource](IQueryable`1 source, Expression`1 predicate)
   at BotSpotify.Main.addUser(String text, SiteTypes type) in C:\Users\bigjo\Desktop\BS\BotSpotify\Main.cs:line 731
   at BotSpotify.Main.ToolStripMenuItemAddSpotify_Click(Object sender, EventArgs e) in C:\Users\bigjo\Desktop\BS\BotSpotify\Main.cs:line 413
2021-04-14 16:47:33.1703 ERROR System.Data.SqlServerCe.SqlCeException (0x80004005): The path is not valid. Check the directory for the database. [ Path = D:\BotSpotifyDB.sdf ]
   at System.Data.SqlServerCe.SqlCeEngine.CreateDatabase()
   at System.Data.Entity.SqlServerCompact.SqlCeProviderServices.DbCreateDatabase(DbConnection connection, Nullable`1 timeOut, StoreItemCollection storeItemCollection)
   at System.Data.Entity.Migrations.Utilities.DatabaseCreator.Create(DbConnection connection)
   at System.Data.Entity.Migrations.DbMigrator.EnsureDatabaseExists(Action mustSucceedToKeepDatabase)
   at System.Data.Entity.Migrations.DbMigrator.Update(String targetMigration)
   at System.Data.Entity.Internal.DatabaseCreator.CreateDatabase(InternalContext internalContext, Func`3 createMigrator, ObjectContext objectContext)
   at System.Data.Entity.Database.Create(DatabaseExistenceState existenceState)
   at System.Data.Entity.CreateDatabaseIfNotExists`1.InitializeDatabase(TContext context)
   at System.Data.Entity.Internal.InternalContext.PerformInitializationAction(Action action)
   at System.Data.Entity.Internal.InternalContext.PerformDatabaseInitialization()
   at System.Data.Entity.Internal.RetryAction`1.PerformAction(TInput input)
   at System.Data.Entity.Internal.LazyInternalContext.InitializeDatabaseAction(Action`1 action)
   at System.Data.Entity.Internal.InternalContext.GetEntitySetAndBaseTypeForType(Type entityType)
   at System.Data.Entity.Internal.Linq.InternalSet`1.Initialize()
   at System.Data.Entity.Internal.Linq.InternalSet`1.GetEnumerator()
   at System.Collections.Generic.List`1..ctor(IEnumerable`1 collection)
   at System.Linq.Enumerable.ToList[TSource](IEnumerable`1 source)
   at BotSpotify.Main.Main_Load(Object sender, EventArgs e) in C:\Users\bigjo\Desktop\BS\BotSpotify\Main.cs:line 71
2021-04-14 16:50:21.7115 ERROR invalid argument: user data directory is already in use, please specify a unique value for --user-data-dir argument, or don't use --user-data-dir
2021-04-14 16:51:56.3414 ERROR OpenQA.Selenium.StaleElementReferenceException: stale element reference: element is not attached to the page document
  (Session info: chrome=89.0.4389.128)
   at OpenQA.Selenium.Remote.RemoteWebDriver.UnpackAndThrowOnError(Response errorResponse)
   at OpenQA.Selenium.Remote.RemoteWebDriver.Execute(String driverCommandToExecute, Dictionary`2 parameters)
   at OpenQA.Selenium.Remote.RemoteWebElement.Execute(String commandToExecute, Dictionary`2 parameters)
   at OpenQA.Selenium.Remote.RemoteWebElement.FindElements(String mechanism, String value)
   at BotSpotify.Main.playing_Spotify(ChromeDriver driver, BotContext context, User user, String url) in C:\Users\bigjo\Desktop\BS\BotSpotify\Main.cs:line 1156
   at BotSpotify.Main.doWorkInside_Spotify(Int64 id) in C:\Users\bigjo\Desktop\BS\BotSpotify\Main.cs:line 874
2021-04-14 17:27:04.4124 ERROR OpenQA.Selenium.WebDriverException: invalid argument: user data directory is already in use, please specify a unique value for --user-data-dir argument, or don't use --user-data-dir
   at OpenQA.Selenium.Remote.RemoteWebDriver.UnpackAndThrowOnError(Response errorResponse)
   at OpenQA.Selenium.Remote.RemoteWebDriver.Execute(String driverCommandToExecute, Dictionary`2 parameters)
   at OpenQA.Selenium.Remote.RemoteWebDriver.StartSession(ICapabilities desiredCapabilities)
   at OpenQA.Selenium.Remote.RemoteWebDriver..ctor(ICommandExecutor commandExecutor, ICapabilities desiredCapabilities)
   at OpenQA.Selenium.Chrome.ChromeDriver..ctor(ChromeDriverService service, ChromeOptions options, TimeSpan commandTimeout)
   at CommonWrapper.WrapperSelenium.CreateDriverChrome(Boolean isHeadless, Boolean isCookies, String site_name, Boolean isIgnoreCertificateErrors, Boolean isDisableNotification, Boolean isMaximazed, Proxy proxy, SeleniumSocks socks, String userAgent, Nullable`1 timeOut, Boolean isDisableImages, Boolean isDisableCache, Boolean isKiosk, Boolean isSandBox) in E:\Bitbucket\CommonWrapper\CommonWrapper\WrapperSelenium.cs:line 126
   at BotSpotify.Main.doWorkInside_Spotify(Int64 id) in C:\Users\bigjo\Desktop\BS\BotSpotify\Main.cs:line 838
2021-04-14 17:27:19.7177 ERROR OpenQA.Selenium.WebDriverException: invalid argument: user data directory is already in use, please specify a unique value for --user-data-dir argument, or don't use --user-data-dir
   at OpenQA.Selenium.Remote.RemoteWebDriver.UnpackAndThrowOnError(Response errorResponse)
   at OpenQA.Selenium.Remote.RemoteWebDriver.Execute(String driverCommandToExecute, Dictionary`2 parameters)
   at OpenQA.Selenium.Remote.RemoteWebDriver.StartSession(ICapabilities desiredCapabilities)
   at OpenQA.Selenium.Remote.RemoteWebDriver..ctor(ICommandExecutor commandExecutor, ICapabilities desiredCapabilities)
   at OpenQA.Selenium.Chrome.ChromeDriver..ctor(ChromeDriverService service, ChromeOptions options, TimeSpan commandTimeout)
   at CommonWrapper.WrapperSelenium.CreateDriverChrome(Boolean isHeadless, Boolean isCookies, String site_name, Boolean isIgnoreCertificateErrors, Boolean isDisableNotification, Boolean isMaximazed, Proxy proxy, SeleniumSocks socks, String userAgent, Nullable`1 timeOut, Boolean isDisableImages, Boolean isDisableCache, Boolean isKiosk, Boolean isSandBox) in E:\Bitbucket\CommonWrapper\CommonWrapper\WrapperSelenium.cs:line 126
   at BotSpotify.Main.doWorkInside_Spotify(Int64 id) in C:\Users\bigjo\Desktop\BS\BotSpotify\Main.cs:line 838
2021-04-14 17:27:36.4644 ERROR OpenQA.Selenium.WebDriverException: invalid argument: user data directory is already in use, please specify a unique value for --user-data-dir argument, or don't use --user-data-dir
   at OpenQA.Selenium.Remote.RemoteWebDriver.UnpackAndThrowOnError(Response errorResponse)
   at OpenQA.Selenium.Remote.RemoteWebDriver.Execute(String driverCommandToExecute, Dictionary`2 parameters)
   at OpenQA.Selenium.Remote.RemoteWebDriver.StartSession(ICapabilities desiredCapabilities)
   at OpenQA.Selenium.Remote.RemoteWebDriver..ctor(ICommandExecutor commandExecutor, ICapabilities desiredCapabilities)
   at OpenQA.Selenium.Chrome.ChromeDriver..ctor(ChromeDriverService service, ChromeOptions options, TimeSpan commandTimeout)
   at CommonWrapper.WrapperSelenium.CreateDriverChrome(Boolean isHeadless, Boolean isCookies, String site_name, Boolean isIgnoreCertificateErrors, Boolean isDisableNotification, Boolean isMaximazed, Proxy proxy, SeleniumSocks socks, String userAgent, Nullable`1 timeOut, Boolean isDisableImages, Boolean isDisableCache, Boolean isKiosk, Boolean isSandBox) in E:\Bitbucket\CommonWrapper\CommonWrapper\WrapperSelenium.cs:line 126
   at BotSpotify.Main.doWorkInside_Spotify(Int64 id) in C:\Users\bigjo\Desktop\BS\BotSpotify\Main.cs:line 838
2021-04-14 17:27:49.7104 ERROR OpenQA.Selenium.WebDriverException: invalid argument: user data directory is already in use, please specify a unique value for --user-data-dir argument, or don't use --user-data-dir
   at OpenQA.Selenium.Remote.RemoteWebDriver.UnpackAndThrowOnError(Response errorResponse)
   at OpenQA.Selenium.Remote.RemoteWebDriver.Execute(String driverCommandToExecute, Dictionary`2 parameters)
   at OpenQA.Selenium.Remote.RemoteWebDriver.StartSession(ICapabilities desiredCapabilities)
   at OpenQA.Selenium.Remote.RemoteWebDriver..ctor(ICommandExecutor commandExecutor, ICapabilities desiredCapabilities)
   at OpenQA.Selenium.Chrome.ChromeDriver..ctor(ChromeDriverService service, ChromeOptions options, TimeSpan commandTimeout)
   at CommonWrapper.WrapperSelenium.CreateDriverChrome(Boolean isHeadless, Boolean isCookies, String site_name, Boolean isIgnoreCertificateErrors, Boolean isDisableNotification, Boolean isMaximazed, Proxy proxy, SeleniumSocks socks, String userAgent, Nullable`1 timeOut, Boolean isDisableImages, Boolean isDisableCache, Boolean isKiosk, Boolean isSandBox) in E:\Bitbucket\CommonWrapper\CommonWrapper\WrapperSelenium.cs:line 126
   at BotSpotify.Main.doWorkInside_Spotify(Int64 id) in C:\Users\bigjo\Desktop\BS\BotSpotify\Main.cs:line 838
2021-04-14 17:31:44.0336 ERROR System.Exception: Нет авторизированных пользователей
   at BotSpotify.Main.doWork() in C:\Users\bigjo\Desktop\BS\BotSpotify\Main.cs:line 516
2021-04-14 17:31:44.0336 ERROR System.Exception: Нет авторизированных пользователей
   at BotSpotify.Main.doWork() in C:\Users\bigjo\Desktop\BS\BotSpotify\Main.cs:line 516
2021-04-14 17:31:46.3498 ERROR System.Exception: Нет авторизированных пользователей
   at BotSpotify.Main.doWork() in C:\Users\bigjo\Desktop\BS\BotSpotify\Main.cs:line 516
2021-04-14 17:31:50.5381 ERROR System.Exception: Нет авторизированных пользователей
   at BotSpotify.Main.doWork() in C:\Users\bigjo\Desktop\BS\BotSpotify\Main.cs:line 516
2021-04-14 22:28:41.7698 ERROR System.Exception: Нет авторизированных пользователей
   в BotSpotify.Main.doWork() в C:\Users\bigjo\Desktop\BS\BotSpotify\Main.cs:строка 518
2021-04-14 22:32:08.4396 ERROR System.NullReferenceException: Ссылка на объект не указывает на экземпляр объекта.
   в BotSpotify.Main.playing_Spotify(ChromeDriver driver, BotContext context, User user, String url) в C:\Users\bigjo\Desktop\BS\BotSpotify\Main.cs:строка 1213
   в BotSpotify.Main.doWorkInside_Spotify(Int64 id) в C:\Users\bigjo\Desktop\BS\BotSpotify\Main.cs:строка 876
