[21684:10228:0430/143428.448:ERROR:device_event_log_impl.cc(214)] [14:34:28.447] USB: usb_device_handle_win.cc:1054 Failed to read descriptor from node connection: ѕрисоединенное к системе устройство не работает. (0x1F)
[21684:10228:0430/143428.458:ERROR:device_event_log_impl.cc(214)] [14:34:28.458] USB: usb_device_handle_win.cc:1054 Failed to read descriptor from node connection: ѕрисоединенное к системе устройство не работает. (0x1F)
[21684:10228:0430/143443.007:INFO:CONSOLE(1)] "SharedArrayBuffer will require cross-origin isolation as of M91, around May 2021. See https://developer.chrome.com/blog/enabling-shared-array-buffer/ for more details.", source: https://open.scdn.co/cdn/build/web-player/vendor~web-player.d17d4d50.js (1)
[21684:10228:0430/143445.618:INFO:CONSOLE(1)] "Uncaught (in promise) TypeError: this.send is not a function", source: https://open.scdn.co/cdn/build/web-player/web-player.8fbee5ec.js (1)
[21684:10228:0430/143445.619:INFO:CONSOLE(1)] "Uncaught (in promise) TypeError: this.send is not a function", source: https://open.scdn.co/cdn/build/web-player/web-player.8fbee5ec.js (1)
[21684:10228:0430/143448.324:INFO:CONSOLE(1)] "Uncaught (in promise) DUPLICATE_REQUEST_ERROR: DUPLICATE_REQUEST_ERROR: Already sent this request (GET::https://api.spotify.com/v1/me/albums/contains::{"ids":"6hAxiXJ40wlYLyXBStSWJ0"})", source: https://open.scdn.co/cdn/build/web-player/web-player.8fbee5ec.js (1)
[21684:10228:0430/143454.083:INFO:CONSOLE(1)] "Uncaught (in promise) TypeError: this.send is not a function", source: https://open.scdn.co/cdn/build/web-player/web-player.8fbee5ec.js (1)
[21684:10228:0430/143728.267:INFO:CONSOLE(1)] "SharedArrayBuffer will require cross-origin isolation as of M91, around May 2021. See https://developer.chrome.com/blog/enabling-shared-array-buffer/ for more details.", source: https://open.scdn.co/cdn/build/web-player/vendor~web-player.d17d4d50.js (1)
[21684:10228:0430/143730.401:INFO:CONSOLE(1)] "Uncaught (in promise) TypeError: this.send is not a function", source: https://open.scdn.co/cdn/build/web-player/web-player.8fbee5ec.js (1)
[21684:10228:0430/143730.401:INFO:CONSOLE(1)] "Uncaught (in promise) TypeError: this.send is not a function", source: https://open.scdn.co/cdn/build/web-player/web-player.8fbee5ec.js (1)
[21684:10228:0430/143730.407:INFO:CONSOLE(1)] "Uncaught (in promise) TypeError: this.send is not a function", source: https://open.scdn.co/cdn/build/web-player/web-player.8fbee5ec.js (1)
[21684:10228:0430/143846.960:INFO:CONSOLE(1)] "Uncaught (in promise) TypeError: this.send is not a function", source: https://open.scdn.co/cdn/build/web-player/web-player.8fbee5ec.js (1)
[21684:10228:0430/144028.683:INFO:CONSOLE(1)] "WebSocket connection to 'wss://dealer.spotify.com/?access_token=BQAaH0WdeByKXqT2bsrqZC7ehK4camFtO3PoYdzm5rUQlb99JRv3pfFp2a_GRBkjNvDMd4yUxydg6hTLeHAU06M8ORziEot76gMbbNlpQVF10qIizXgLDEaCuLXcAsAuYWk2WGA2Z1XEQskmPwOkNb1qxDa7yp4zfbpD08EVnlACtmTLzKl1JjIGivPauqrjOPLspT_K4WdjgRDeHmRTaRi2QXoSV2t81GuvJMGhh3teLSg5Te8rGyzQ67p45dXDTzdP5fSK9sp3pacfUbCMbv96kmH-QHG6Kxzh9gqV6GGa1T7mruH0OvRq' failed: Error during WebSocket handshake: Unexpected response code: 302", source: https://open.scdn.co/cdn/build/web-player/vendor~web-player.d17d4d50.js (1)
[21684:10228:0430/144029.309:INFO:CONSOLE(1)] "WebSocket connection to 'wss://dealer.spotify.com/?access_token=BQAaH0WdeByKXqT2bsrqZC7ehK4camFtO3PoYdzm5rUQlb99JRv3pfFp2a_GRBkjNvDMd4yUxydg6hTLeHAU06M8ORziEot76gMbbNlpQVF10qIizXgLDEaCuLXcAsAuYWk2WGA2Z1XEQskmPwOkNb1qxDa7yp4zfbpD08EVnlACtmTLzKl1JjIGivPauqrjOPLspT_K4WdjgRDeHmRTaRi2QXoSV2t81GuvJMGhh3teLSg5Te8rGyzQ67p45dXDTzdP5fSK9sp3pacfUbCMbv96kmH-QHG6Kxzh9gqV6GGa1T7mruH0OvRq' failed: Error during WebSocket handshake: Unexpected response code: 302", source: https://open.scdn.co/cdn/build/web-player/vendor~web-player.d17d4d50.js (1)
[21684:10228:0430/144030.702:INFO:CONSOLE(1)] "WebSocket connection to 'wss://dealer.spotify.com/?access_token=BQAaH0WdeByKXqT2bsrqZC7ehK4camFtO3PoYdzm5rUQlb99JRv3pfFp2a_GRBkjNvDMd4yUxydg6hTLeHAU06M8ORziEot76gMbbNlpQVF10qIizXgLDEaCuLXcAsAuYWk2WGA2Z1XEQskmPwOkNb1qxDa7yp4zfbpD08EVnlACtmTLzKl1JjIGivPauqrjOPLspT_K4WdjgRDeHmRTaRi2QXoSV2t81GuvJMGhh3teLSg5Te8rGyzQ67p45dXDTzdP5fSK9sp3pacfUbCMbv96kmH-QHG6Kxzh9gqV6GGa1T7mruH0OvRq' failed: Error during WebSocket handshake: Unexpected response code: 302", source: https://open.scdn.co/cdn/build/web-player/vendor~web-player.d17d4d50.js (1)
[21684:10228:0430/144031.263:INFO:CONSOLE(0)] "Access to fetch at 'https://spclient.wg.spotify.com/gabo-receiver-service/public/v3/events' from origin 'https://open.spotify.com' has been blocked by CORS policy: Response to preflight request doesn't pass access control check: Redirect is not allowed for a preflight request.", source: https://open.spotify.com/album/6hAxiXJ40wlYLyXBStSWJ0 (0)
[21684:10228:0430/144048.849:INFO:CONSOLE(1)] "SharedArrayBuffer will require cross-origin isolation as of M91, around May 2021. See https://developer.chrome.com/blog/enabling-shared-array-buffer/ for more details.", source: https://open.scdn.co/cdn/build/web-player/vendor~web-player.d17d4d50.js (1)
[21684:10228:0430/144050.544:INFO:CONSOLE(1)] "Uncaught (in promise) TypeError: this.send is not a function", source: https://open.scdn.co/cdn/build/web-player/web-player.8fbee5ec.js (1)
[21684:10228:0430/144050.550:INFO:CONSOLE(1)] "Uncaught (in promise) TypeError: this.send is not a function", source: https://open.scdn.co/cdn/build/web-player/web-player.8fbee5ec.js (1)
[21684:10228:0430/144101.032:INFO:CONSOLE(1)] "Uncaught (in promise) TypeError: this.send is not a function", source: https://open.scdn.co/cdn/build/web-player/web-player.8fbee5ec.js (1)
[21684:10228:0430/144122.508:INFO:CONSOLE(1)] "Uncaught (in promise) TypeError: this.send is not a function", source: https://open.scdn.co/cdn/build/web-player/web-player.8fbee5ec.js (1)
[21684:10228:0430/144223.997:INFO:CONSOLE(1)] "Uncaught (in promise) TypeError: this.send is not a function", source: https://open.scdn.co/cdn/build/web-player/web-player.8fbee5ec.js (1)
[21684:10228:0430/144243.006:WARNING:pref_notifier_impl.cc(40)] Pref observer for media_router.cast_allow_all_ips found at shutdown.
