[21472:11260:0429/153232.722:INFO:CONSOLE(1)] "SharedArrayBuffer will require cross-origin isolation as of M91, around May 2021. See https://developer.chrome.com/blog/enabling-shared-array-buffer/ for more details.", source: https://open.scdn.co/cdn/build/web-player/vendor~web-player.8915f1e6.js (1)
[21472:11260:0429/153234.898:INFO:CONSOLE(1)] "Uncaught (in promise) TypeError: this.send is not a function", source: https://open.scdn.co/cdn/build/web-player/web-player.ebfacf4a.js (1)
[21472:11260:0429/153234.910:INFO:CONSOLE(1)] "Uncaught (in promise) TypeError: this.send is not a function", source: https://open.scdn.co/cdn/build/web-player/web-player.ebfacf4a.js (1)
[21472:11260:0429/153238.592:ERROR:device_event_log_impl.cc(214)] [15:32:38.592] USB: usb_device_handle_win.cc:1054 Failed to read descriptor from node connection: ѕрисоединенное к системе устройство не работает. (0x1F)
[21472:11260:0429/153238.598:ERROR:device_event_log_impl.cc(214)] [15:32:38.598] USB: usb_device_handle_win.cc:1054 Failed to read descriptor from node connection: ѕрисоединенное к системе устройство не работает. (0x1F)
[21472:11260:0429/153242.880:INFO:CONSOLE(1)] "Uncaught (in promise) TypeError: this.send is not a function", source: https://open.scdn.co/cdn/build/web-player/web-player.ebfacf4a.js (1)
[21472:11260:0429/153532.133:INFO:CONSOLE(1)] "SharedArrayBuffer will require cross-origin isolation as of M91, around May 2021. See https://developer.chrome.com/blog/enabling-shared-array-buffer/ for more details.", source: https://open.scdn.co/cdn/build/web-player/vendor~web-player.8915f1e6.js (1)
[21472:11260:0429/153533.540:INFO:CONSOLE(1)] "Uncaught (in promise) TypeError: this.send is not a function", source: https://open.scdn.co/cdn/build/web-player/web-player.ebfacf4a.js (1)
[21472:11260:0429/153533.543:INFO:CONSOLE(1)] "Uncaught (in promise) TypeError: this.send is not a function", source: https://open.scdn.co/cdn/build/web-player/web-player.ebfacf4a.js (1)
[21472:11260:0429/153533.556:INFO:CONSOLE(1)] "Uncaught (in promise) TypeError: this.send is not a function", source: https://open.scdn.co/cdn/build/web-player/web-player.ebfacf4a.js (1)
[21472:11260:0429/153536.246:INFO:CONSOLE(1)] "Uncaught (in promise) DUPLICATE_REQUEST_ERROR: DUPLICATE_REQUEST_ERROR: Already sent this request (GET::https://api.spotify.com/v1/me/tracks/contains::{"ids":"03sMqPoF8neYCX9yb1UWTR,2l4SH28O1lO86RwkmApWaT,3iWAmykDXYiRAESUfIm7Ch,5mgZv2sZM1e6Ztg2o6lOjQ,5WwofZB6wiMTjQY0JoE6Uy,0d9nAIUxMF1pWQXxxMS88J,2ZZgBWCINIQwGVmiZGsLCG,51XhJ4b4r0MlXfEPHMjddo,2ydD09cu1sojNLJcgL0MO1,2h83dccLZ7hG1DTCXZ5mgS,6LWy5UfPvcUNjOPZi6Ji0Z,0CnsHgJNYkDtRAK0oJKAzW"})", source: https://open.scdn.co/cdn/build/web-player/web-player.ebfacf4a.js (1)
[21472:11260:0429/153832.337:INFO:CONSOLE(1)] "SharedArrayBuffer will require cross-origin isolation as of M91, around May 2021. See https://developer.chrome.com/blog/enabling-shared-array-buffer/ for more details.", source: https://open.scdn.co/cdn/build/web-player/vendor~web-player.8915f1e6.js (1)
[21472:11260:0429/153834.304:INFO:CONSOLE(1)] "Uncaught (in promise) TypeError: this.send is not a function", source: https://open.scdn.co/cdn/build/web-player/web-player.ebfacf4a.js (1)
[21472:11260:0429/153834.310:INFO:CONSOLE(1)] "Uncaught (in promise) TypeError: this.send is not a function", source: https://open.scdn.co/cdn/build/web-player/web-player.ebfacf4a.js (1)
[21472:11260:0429/153834.322:INFO:CONSOLE(1)] "Uncaught (in promise) TypeError: this.send is not a function", source: https://open.scdn.co/cdn/build/web-player/web-player.ebfacf4a.js (1)
[21472:11260:0429/153836.788:INFO:CONSOLE(1)] "Uncaught (in promise) DUPLICATE_REQUEST_ERROR: DUPLICATE_REQUEST_ERROR: Already sent this request (GET::https://api.spotify.com/v1/me/tracks/contains::{"ids":"03sMqPoF8neYCX9yb1UWTR,2l4SH28O1lO86RwkmApWaT,3iWAmykDXYiRAESUfIm7Ch,5mgZv2sZM1e6Ztg2o6lOjQ,5WwofZB6wiMTjQY0JoE6Uy,0d9nAIUxMF1pWQXxxMS88J,2ZZgBWCINIQwGVmiZGsLCG,51XhJ4b4r0MlXfEPHMjddo,2ydD09cu1sojNLJcgL0MO1,2h83dccLZ7hG1DTCXZ5mgS,6LWy5UfPvcUNjOPZi6Ji0Z,0CnsHgJNYkDtRAK0oJKAzW"})", source: https://open.scdn.co/cdn/build/web-player/web-player.ebfacf4a.js (1)
[21472:11260:0429/153903.193:INFO:CONSOLE(1)] "Uncaught (in promise) TypeError: this.send is not a function", source: https://open.scdn.co/cdn/build/web-player/web-player.ebfacf4a.js (1)
[21472:11260:0429/154025.593:INFO:CONSOLE(1)] "Uncaught (in promise) TypeError: this.send is not a function", source: https://open.scdn.co/cdn/build/web-player/web-player.ebfacf4a.js (1)
[21472:11260:0429/154130.586:INFO:CONSOLE(1)] "SharedArrayBuffer will require cross-origin isolation as of M91, around May 2021. See https://developer.chrome.com/blog/enabling-shared-array-buffer/ for more details.", source: https://open.scdn.co/cdn/build/web-player/vendor~web-player.8915f1e6.js (1)
[21472:11260:0429/154132.320:INFO:CONSOLE(1)] "Uncaught (in promise) TypeError: this.send is not a function", source: https://open.scdn.co/cdn/build/web-player/web-player.ebfacf4a.js (1)
[21472:11260:0429/154132.323:INFO:CONSOLE(1)] "Uncaught (in promise) TypeError: this.send is not a function", source: https://open.scdn.co/cdn/build/web-player/web-player.ebfacf4a.js (1)
[21472:11260:0429/154132.331:INFO:CONSOLE(1)] "Uncaught (in promise) TypeError: this.send is not a function", source: https://open.scdn.co/cdn/build/web-player/web-player.ebfacf4a.js (1)
[21472:11260:0429/154134.749:INFO:CONSOLE(1)] "Uncaught (in promise) DUPLICATE_REQUEST_ERROR: DUPLICATE_REQUEST_ERROR: Already sent this request (GET::https://api.spotify.com/v1/me/tracks/contains::{"ids":"03sMqPoF8neYCX9yb1UWTR,2l4SH28O1lO86RwkmApWaT,3iWAmykDXYiRAESUfIm7Ch,5mgZv2sZM1e6Ztg2o6lOjQ,5WwofZB6wiMTjQY0JoE6Uy,0d9nAIUxMF1pWQXxxMS88J,2ZZgBWCINIQwGVmiZGsLCG,51XhJ4b4r0MlXfEPHMjddo,2ydD09cu1sojNLJcgL0MO1,2h83dccLZ7hG1DTCXZ5mgS,6LWy5UfPvcUNjOPZi6Ji0Z,0CnsHgJNYkDtRAK0oJKAzW"})", source: https://open.scdn.co/cdn/build/web-player/web-player.ebfacf4a.js (1)
[21472:11260:0429/154145.099:WARNING:pref_notifier_impl.cc(40)] Pref observer for media_router.cast_allow_all_ips found at shutdown.
